\BOOKMARK [1][-]{section.1}{\376\377\000I\000n\000t\000r\000o\000d\000u\000c\000t\000i\000o\000n}{}% 1
\BOOKMARK [1][-]{section.2}{\376\377\000M\000o\000t\000i\000v\000a\000t\000i\000n\000g\000\040\000E\000x\000a\000m\000p\000l\000e\000\040\000a\000n\000d\000\040\000B\000a\000c\000k\000g\000r\000o\000u\000n\000d}{}% 2
\BOOKMARK [2][-]{subsection.2.1}{\376\377\000A\000\040\000B\000r\000i\000e\000f\000\040\000O\000v\000e\000r\000v\000i\000e\000w\000\040\000o\000f\000\040\000D\000o\000m\000a\000i\000n\000-\000D\000r\000i\000v\000e\000n\000\040\000D\000e\000s\000i\000g\000n\000\040\000\050\000D\000D\000D\000\051}{section.2}% 3
\BOOKMARK [2][-]{subsection.2.2}{\376\377\000M\000O\000S\000A\000:\000\040\000A\000\040\000M\000o\000d\000u\000l\000e\000-\000B\000a\000s\000e\000d\000\040\000S\000o\000f\000t\000w\000a\000r\000e\000\040\000A\000r\000c\000h\000i\000t\000e\000c\000t\000u\000r\000e\000\040\000f\000o\000r\000\040\000D\000D\000D}{section.2}% 4
\BOOKMARK [2][-]{subsection.2.3}{\376\377\000R\000e\000p\000r\000e\000s\000e\000n\000t\000i\000n\000g\000\040\000D\000o\000m\000a\000i\000n\000\040\000M\000o\000d\000e\000l\000s\000\040\000i\000n\000\040\000D\000C\000S\000L}{section.2}% 5
\BOOKMARK [2][-]{subsection.2.4}{\376\377\000M\000o\000t\000i\000v\000a\000t\000i\000n\000g\000\040\000E\000x\000a\000m\000p\000l\000e\000\040\000a\000n\000d\000\040\000R\000e\000s\000e\000a\000r\000c\000h\000\040\000Q\000u\000e\000s\000t\000i\000o\000n\000s}{section.2}% 6
\BOOKMARK [1][-]{section.3}{\376\377\000O\000v\000e\000r\000v\000i\000e\000w\000\040\000o\000f\000\040\000t\000h\000e\000\040\000P\000r\000o\000p\000o\000s\000e\000d\000\040\000A\000p\000p\000r\000o\000a\000c\000h}{}% 7
\BOOKMARK [2][-]{subsection.3.1}{\376\377\000I\000n\000c\000o\000r\000p\000o\000r\000a\000t\000i\000n\000g\000\040\000D\000o\000m\000a\000i\000n\000\040\000B\000e\000h\000a\000v\000i\000o\000r\000s}{section.3}% 8
\BOOKMARK [2][-]{subsection.3.2}{\376\377\000U\000n\000i\000f\000i\000e\000d\000\040\000M\000o\000d\000e\000l}{section.3}% 9
\BOOKMARK [1][-]{section.4}{\376\377\000M\000o\000d\000u\000l\000e\000\040\000A\000c\000t\000i\000o\000n\000\040\000S\000e\000m\000a\000n\000t\000i\000c\000s}{}% 10
\BOOKMARK [2][-]{subsection.4.1}{\376\377\000A\000t\000o\000m\000i\000c\000\040\000A\000c\000t\000i\000o\000n}{section.4}% 11
\BOOKMARK [2][-]{subsection.4.2}{\376\377\000A\000t\000o\000m\000i\000c\000\040\000A\000c\000t\000i\000o\000n\000\040\000S\000e\000q\000u\000e\000n\000c\000e\000\040\000\050\000A\000S\000E\000\051}{section.4}% 12
\BOOKMARK [2][-]{subsection.4.3}{\376\377\000S\000t\000r\000u\000c\000t\000u\000r\000e\000d\000\040\000A\000t\000o\000m\000i\000c\000\040\000A\000c\000t\000i\000o\000n\000\040\000\050\000S\000A\000A\000\051}{section.4}% 13
\BOOKMARK [1][-]{section.5}{\376\377\000D\000o\000m\000a\000i\000n\000\040\000B\000e\000h\000a\000v\000i\000o\000r\000\040\000P\000a\000t\000t\000e\000r\000n\000s}{}% 14
\BOOKMARK [2][-]{subsection.5.1}{\376\377\000S\000p\000e\000c\000i\000f\000y\000i\000n\000g\000\040\000D\000o\000m\000a\000i\000n\000\040\000B\000e\000h\000a\000v\000i\000o\000r\000\040\000P\000a\000t\000t\000e\000r\000n\000s}{section.5}% 15
\BOOKMARK [2][-]{subsection.5.2}{\376\377\000A\000p\000p\000l\000y\000i\000n\000g\000\040\000D\000o\000m\000a\000i\000n\000\040\000B\000e\000h\000a\000v\000i\000o\000r\000\040\000P\000a\000t\000t\000e\000r\000n\000s}{section.5}% 16
\BOOKMARK [1][-]{section.6}{\376\377\000M\000o\000d\000u\000l\000e\000-\000B\000a\000s\000e\000d\000\040\000D\000o\000m\000a\000i\000n\000\040\000B\000e\000h\000a\000v\000i\000o\000r\000\040\000L\000a\000n\000g\000u\000a\000g\000e}{}% 17
\BOOKMARK [2][-]{subsection.6.1}{\376\377\000A\000b\000s\000t\000r\000a\000c\000t\000\040\000S\000y\000n\000t\000a\000x}{section.6}% 18
\BOOKMARK [2][-]{subsection.6.2}{\376\377\000A\000n\000n\000o\000t\000a\000t\000i\000o\000n\000-\000B\000a\000s\000e\000d\000\040\000T\000e\000x\000t\000u\000a\000l\000\040\000C\000o\000n\000c\000r\000e\000t\000e\000\040\000S\000y\000n\000t\000a\000x}{section.6}% 19
\BOOKMARK [1][-]{section.7}{\376\377\000C\000a\000s\000e\000\040\000S\000t\000u\000d\000y\000\040\000a\000n\000d\000\040\000T\000o\000o\000l\000\040\000S\000u\000p\000p\000o\000r\000t}{}% 20
\BOOKMARK [2][-]{subsection.7.1}{\376\377\000C\000a\000s\000e\000\040\000S\000t\000u\000d\000y\000:\000\040\000O\000r\000d\000e\000r\000M\000a\000n}{section.7}% 21
\BOOKMARK [2][-]{subsection.7.2}{\376\377\000T\000o\000o\000l\000\040\000S\000u\000p\000p\000o\000r\000t}{section.7}% 22
\BOOKMARK [1][-]{section.8}{\376\377\000E\000v\000a\000l\000u\000a\000t\000i\000o\000n}{}% 23
\BOOKMARK [2][-]{subsection.8.1}{\376\377\000R\000e\000s\000e\000a\000r\000c\000h\000\040\000Q\000u\000e\000s\000t\000i\000o\000n\000s}{section.8}% 24
\BOOKMARK [2][-]{subsection.8.2}{\376\377\000C\000a\000s\000e\000\040\000S\000t\000u\000d\000y\000\040\000D\000e\000s\000i\000g\000n}{section.8}% 25
\BOOKMARK [2][-]{subsection.8.3}{\376\377\000R\000e\000s\000u\000l\000t\000s}{section.8}% 26
\BOOKMARK [2][-]{subsection.8.4}{\376\377\000D\000i\000s\000c\000u\000s\000s\000i\000o\000n}{section.8}% 27
\BOOKMARK [1][-]{section.9}{\376\377\000T\000h\000r\000e\000a\000t\000s\000\040\000t\000o\000\040\000V\000a\000l\000i\000d\000i\000t\000y}{}% 28
\BOOKMARK [2][-]{subsection.9.1}{\376\377\000E\000v\000a\000l\000u\000a\000t\000i\000o\000n\000\040\000M\000e\000t\000h\000o\000d}{section.9}% 29
\BOOKMARK [2][-]{subsection.9.2}{\376\377\000C\000o\000n\000s\000t\000r\000u\000c\000t\000\040\000v\000a\000l\000i\000d\000i\000t\000y}{section.9}% 30
\BOOKMARK [2][-]{subsection.9.3}{\376\377\000I\000n\000t\000e\000r\000n\000a\000l\000\040\000v\000a\000l\000i\000d\000i\000t\000y}{section.9}% 31
\BOOKMARK [2][-]{subsection.9.4}{\376\377\000E\000x\000t\000e\000r\000n\000a\000l\000\040\000v\000a\000l\000i\000d\000i\000t\000y}{section.9}% 32
\BOOKMARK [1][-]{section.10}{\376\377\000R\000e\000l\000a\000t\000e\000d\000\040\000W\000o\000r\000k}{}% 33
\BOOKMARK [1][-]{section.11}{\376\377\000C\000o\000n\000c\000l\000u\000s\000i\000o\000n}{}% 34
