This is pdfTeX, Version 3.141592653-2.6-1.40.24 (MiKTeX 22.1) (preloaded format=pdflatex 2022.2.18)  28 MAR 2022 19:19
entering extended mode
 restricted \write18 enabled.
 %&-line parsing enabled.
**./agl_dcsl.tex
(agl_dcsl.tex
LaTeX2e <2021-11-15> patch level 1
L3 programming layer <2022-02-05> (elsarticle.cls
Document Class: elsarticle 2009/09/17, 1.2.0: Elsevier Ltd
\@bls=\dimen138
(C:\Program Files\MiKTeX\tex/latex/base\article.cls
Document Class: article 2021/10/04 v1.4n Standard LaTeX document class
(C:\Program Files\MiKTeX\tex/latex/base\size10.clo
File: size10.clo 2021/10/04 v1.4n Standard LaTeX file (size option)
)
\c@part=\count185
\c@section=\count186
\c@subsection=\count187
\c@subsubsection=\count188
\c@paragraph=\count189
\c@subparagraph=\count190
\c@figure=\count191
\c@table=\count192
\abovecaptionskip=\skip47
\belowcaptionskip=\skip48
\bibindent=\dimen139
)
(C:\Program Files\MiKTeX\tex/latex/graphics\graphicx.sty
Package: graphicx 2021/09/16 v1.2d Enhanced LaTeX Graphics (DPC,SPQR)

(C:\Program Files\MiKTeX\tex/latex/graphics\keyval.sty
Package: keyval 2014/10/28 v1.15 key=value parser (DPC)
\KV@toks@=\toks16
)
(C:\Program Files\MiKTeX\tex/latex/graphics\graphics.sty
Package: graphics 2021/03/04 v1.4d Standard LaTeX Graphics (DPC,SPQR)

(C:\Program Files\MiKTeX\tex/latex/graphics\trig.sty
Package: trig 2021/08/11 v1.11 sin cos tan (DPC)
)
(C:\Program Files\MiKTeX\tex/latex/graphics-cfg\graphics.cfg
File: graphics.cfg 2016/06/04 v1.11 sample graphics configuration
)
Package graphics Info: Driver file: pdftex.def on input line 107.

(C:\Program Files\MiKTeX\tex/latex/graphics-def\pdftex.def
File: pdftex.def 2020/10/05 v1.2a Graphics/color driver for pdftex
))
\Gin@req@height=\dimen140
\Gin@req@width=\dimen141
)
(C:\Program Files\MiKTeX\tex/latex/psnfss\pifont.sty
Package: pifont 2020/03/25 PSNFSS-v9.3 Pi font support (SPQR) 
LaTeX Font Info:    Trying to load font information for U+pzd on input line 63.


(C:\Program Files\MiKTeX\tex/latex/psnfss\upzd.fd
File: upzd.fd 2001/06/04 font definitions for U/pzd.
)
LaTeX Font Info:    Trying to load font information for U+psy on input line 64.


(C:\Program Files\MiKTeX\tex/latex/psnfss\upsy.fd
File: upsy.fd 2001/06/04 font definitions for U/psy.
))
\c@tnote=\count193
\c@fnote=\count194
\c@cnote=\count195
\c@ead=\count196
\c@author=\count197
\@eadauthor=\toks17
\c@affn=\count198
\absbox=\box50
\keybox=\box51
\Columnwidth=\dimen142
\space@left=\dimen143
\els@boxa=\box52
\els@boxb=\box53
\leftMargin=\dimen144
\@enLab=\toks18
\@sep=\skip49
\@@sep=\skip50
 (agl_dcsl.spl)
(C:\Program Files\MiKTeX\tex/latex/natbib\natbib.sty
Package: natbib 2010/09/13 8.31b (PWD, AO)
\bibhang=\skip51
\bibsep=\skip52
LaTeX Info: Redefining \cite on input line 694.
\c@NAT@ctr=\count199
)
\splwrite=\write3
\openout3 = `agl_dcsl.spl'.


(C:\Program Files\MiKTeX\tex/latex/geometry\geometry.sty
Package: geometry 2020/01/02 v5.9 Page Geometry

(C:\Program Files\MiKTeX\tex/generic/iftex\ifvtex.sty
Package: ifvtex 2019/10/25 v1.7 ifvtex legacy package. Use iftex instead.

(C:\Program Files\MiKTeX\tex/generic/iftex\iftex.sty
Package: iftex 2022/02/03 v1.0f TeX engine tests
))
\Gm@cnth=\count266
\Gm@cntv=\count267
\c@Gm@tempcnt=\count268
\Gm@bindingoffset=\dimen145
\Gm@wd@mp=\dimen146
\Gm@odd@mp=\dimen147
\Gm@even@mp=\dimen148
\Gm@layoutwidth=\dimen149
\Gm@layoutheight=\dimen150
\Gm@layouthoffset=\dimen151
\Gm@layoutvoffset=\dimen152
\Gm@dimlist=\toks19

(C:\Program Files\MiKTeX\tex/latex/geometry\geometry.cfg)))

LaTeX Warning: \include should only be used after \begin{document} on input lin
e 5.

(resources/header.tex (C:\Program Files\MiKTeX\tex/latex/base\inputenc.sty
Package: inputenc 2021/02/14 v1.3d Input encoding file
\inpenc@prehook=\toks20
\inpenc@posthook=\toks21
)
(C:\Program Files\MiKTeX\tex/latex/wrapfig\wrapfig.sty
\wrapoverhang=\dimen153
\WF@size=\dimen154
\c@WF@wrappedlines=\count269
\WF@box=\box54
\WF@everypar=\toks22
Package: wrapfig 2003/01/31  v 3.6
)
(C:\Program Files\MiKTeX\tex/latex/enumitem\enumitem.sty
Package: enumitem 2019/06/20 v3.9 Customized lists
\labelindent=\skip53
\enit@outerparindent=\dimen155
\enit@toks=\toks23
\enit@inbox=\box55
\enit@count@id=\count270
\enitdp@description=\count271
)
(C:\Program Files\MiKTeX\tex/latex/xcolor\xcolor.sty
Package: xcolor 2021/10/31 v2.13 LaTeX color extensions (UK)

(C:\Program Files\MiKTeX\tex/latex/graphics-cfg\color.cfg
File: color.cfg 2016/01/02 v1.6 sample color configuration
)
Package xcolor Info: Driver file: pdftex.def on input line 227.
Package xcolor Info: Model `cmy' substituted by `cmy0' on input line 1352.
Package xcolor Info: Model `hsb' substituted by `rgb' on input line 1356.
Package xcolor Info: Model `RGB' extended on input line 1368.
Package xcolor Info: Model `HTML' substituted by `rgb' on input line 1370.
Package xcolor Info: Model `Hsb' substituted by `hsb' on input line 1371.
Package xcolor Info: Model `tHsb' substituted by `hsb' on input line 1372.
Package xcolor Info: Model `HSB' substituted by `hsb' on input line 1373.
Package xcolor Info: Model `Gray' substituted by `gray' on input line 1374.
Package xcolor Info: Model `wave' substituted by `hsb' on input line 1375.
)
(C:\Program Files\MiKTeX\tex/latex/colortbl\colortbl.sty
Package: colortbl 2020/01/04 v1.0e Color table columns (DPC)

(C:\Program Files\MiKTeX\tex/latex/tools\array.sty
Package: array 2021/10/04 v2.5f Tabular extension package (FMi)
\col@sep=\dimen156
\ar@mcellbox=\box56
\extrarowheight=\dimen157
\NC@list=\toks24
\extratabsurround=\skip54
\backup@length=\skip55
\ar@cellbox=\box57
)
\everycr=\toks25
\minrowclearance=\skip56
)
(C:\Program Files\MiKTeX\tex/latex/amscls\amsthm.sty
Package: amsthm 2020/05/29 v2.20.6
\thm@style=\toks26
\thm@bodyfont=\toks27
\thm@headfont=\toks28
\thm@notefont=\toks29
\thm@headpunct=\toks30
\thm@preskip=\skip57
\thm@postskip=\skip58
\thm@headsep=\skip59
\dth@everypar=\toks31
LaTeX Info: Redefining \qed on input line 273.
) (myalgorithm.sty

LaTeX Warning: You have requested package `myalgorithm',
               but the package provides `algorithm'.

Package: algorithm 
Document Style `algorithm' - floating environment
(C:\Program Files\MiKTeX\tex/latex/float\float.sty
Package: float 2001/11/08 v1.3d Float enhancements (AL)
\c@float@type=\count272
\float@exts=\toks32
\float@box=\box58
\@float@everytoks=\toks33
\@floatcapt=\box59
)
(C:\Program Files\MiKTeX\tex/latex/base\ifthen.sty
Package: ifthen 2020/11/24 v1.1c Standard LaTeX ifthen package (DPC)
)
\@float@every@algorithm=\toks34
\c@algorithm=\count273
) (myalgorithmic.sty
Package: myalgorithmic 2006/06/02

Document Style `algorithmic' - environment
(C:\Program Files\MiKTeX\tex/latex/tools\calc.sty
Package: calc 2017/05/25 v4.3 Infix arithmetic (KKT,FJ)
\calc@Acount=\count274
\calc@Bcount=\count275
\calc@Adimen=\dimen158
\calc@Bdimen=\dimen159
\calc@Askip=\skip60
\calc@Bskip=\skip61
LaTeX Info: Redefining \setlength on input line 80.
LaTeX Info: Redefining \addtolength on input line 81.
\calc@Ccount=\count276
\calc@Cskip=\skip62
)
\c@ALC@line=\count277
\c@ALC@rem=\count278
\c@ALC@depth=\count279
\ALC@tlm=\skip63
\algorithmicindent=\skip64
)
(C:\Program Files\MiKTeX\tex/latex/hyperref\hyperref.sty
Package: hyperref 2021-06-07 v7.00m Hypertext links for LaTeX

(C:\Program Files\MiKTeX\tex/generic/ltxcmds\ltxcmds.sty
Package: ltxcmds 2020-05-10 v1.25 LaTeX kernel commands for general use (HO)
)
(C:\Program Files\MiKTeX\tex/generic/pdftexcmds\pdftexcmds.sty
Package: pdftexcmds 2020-06-27 v0.33 Utility functions of pdfTeX for LuaTeX (HO
)

(C:\Program Files\MiKTeX\tex/generic/infwarerr\infwarerr.sty
Package: infwarerr 2019/12/03 v1.5 Providing info/warning/error messages (HO)
)
Package pdftexcmds Info: \pdf@primitive is available.
Package pdftexcmds Info: \pdf@ifprimitive is available.
Package pdftexcmds Info: \pdfdraftmode found.
)
(C:\Program Files\MiKTeX\tex/generic/kvsetkeys\kvsetkeys.sty
Package: kvsetkeys 2019/12/15 v1.18 Key value parser (HO)
)
(C:\Program Files\MiKTeX\tex/generic/kvdefinekeys\kvdefinekeys.sty
Package: kvdefinekeys 2019-12-19 v1.6 Define keys (HO)
)
(C:\Program Files\MiKTeX\tex/generic/pdfescape\pdfescape.sty
Package: pdfescape 2019/12/09 v1.15 Implements pdfTeX's escape features (HO)
)
(C:\Program Files\MiKTeX\tex/latex/hycolor\hycolor.sty
Package: hycolor 2020-01-27 v1.10 Color options for hyperref/bookmark (HO)
)
(C:\Program Files\MiKTeX\tex/latex/letltxmacro\letltxmacro.sty
Package: letltxmacro 2019/12/03 v1.6 Let assignment for LaTeX macros (HO)
)
(C:\Program Files\MiKTeX\tex/latex/auxhook\auxhook.sty
Package: auxhook 2019-12-17 v1.6 Hooks for auxiliary files (HO)
)
(C:\Program Files\MiKTeX\tex/latex/kvoptions\kvoptions.sty
Package: kvoptions 2020-10-07 v3.14 Key value format for package options (HO)
)
\@linkdim=\dimen160
\Hy@linkcounter=\count280
\Hy@pagecounter=\count281

(C:\Program Files\MiKTeX\tex/latex/hyperref\pd1enc.def
File: pd1enc.def 2021-06-07 v7.00m Hyperref: PDFDocEncoding definition (HO)
Now handling font encoding PD1 ...
... no UTF-8 mapping file for font encoding PD1
)
(C:\Program Files\MiKTeX\tex/latex/hyperref\hyperref-langpatches.def
File: hyperref-langpatches.def 2021-06-07 v7.00m Hyperref: patches for babel la
nguages
)
(C:\Program Files\MiKTeX\tex/generic/intcalc\intcalc.sty
Package: intcalc 2019/12/15 v1.3 Expandable calculations with integers (HO)
)
(C:\Program Files\MiKTeX\tex/generic/etexcmds\etexcmds.sty
Package: etexcmds 2019/12/15 v1.7 Avoid name clashes with e-TeX commands (HO)
)
\Hy@SavedSpaceFactor=\count282

(C:\Program Files\MiKTeX\tex/latex/hyperref\puenc.def
File: puenc.def 2021-06-07 v7.00m Hyperref: PDF Unicode definition (HO)
Now handling font encoding PU ...
... no UTF-8 mapping file for font encoding PU
)
Package hyperref Info: Option `bookmarks' set `true' on input line 4073.
Package hyperref Info: Option `unicode' set `true' on input line 4073.
Package hyperref Info: Option `colorlinks' set `true' on input line 4073.
Package hyperref Info: Hyper figures OFF on input line 4192.
Package hyperref Info: Link nesting OFF on input line 4197.
Package hyperref Info: Hyper index ON on input line 4200.
Package hyperref Info: Plain pages OFF on input line 4207.
Package hyperref Info: Backreferencing OFF on input line 4212.
Package hyperref Info: Implicit mode ON; LaTeX internals redefined.
Package hyperref Info: Bookmarks ON on input line 4445.
\c@Hy@tempcnt=\count283

(C:\Program Files\MiKTeX\tex/latex/url\url.sty
\Urlmuskip=\muskip16
Package: url 2013/09/16  ver 3.4  Verb mode for urls, etc.
)
LaTeX Info: Redefining \url on input line 4804.
\XeTeXLinkMargin=\dimen161

(C:\Program Files\MiKTeX\tex/generic/bitset\bitset.sty
Package: bitset 2019/12/09 v1.3 Handle bit-vector datatype (HO)

(C:\Program Files\MiKTeX\tex/generic/bigintcalc\bigintcalc.sty
Package: bigintcalc 2019/12/15 v1.5 Expandable calculations on big integers (HO
)
))
\Fld@menulength=\count284
\Field@Width=\dimen162
\Fld@charsize=\dimen163
Package hyperref Info: Hyper figures OFF on input line 6076.
Package hyperref Info: Link nesting OFF on input line 6081.
Package hyperref Info: Hyper index ON on input line 6084.
Package hyperref Info: backreferencing OFF on input line 6091.
Package hyperref Info: Link coloring ON on input line 6094.
Package hyperref Info: Link coloring with OCG OFF on input line 6101.
Package hyperref Info: PDF/A mode OFF on input line 6106.
LaTeX Info: Redefining \ref on input line 6146.
LaTeX Info: Redefining \pageref on input line 6150.

(C:\Program Files\MiKTeX\tex/latex/base\atbegshi-ltx.sty
Package: atbegshi-ltx 2021/01/10 v1.0c Emulation of the original atbegshi
package with kernel methods
)
\Hy@abspage=\count285
\c@Item=\count286
\c@Hfootnote=\count287
)
Package hyperref Info: Driver (autodetected): hpdftex.

(C:\Program Files\MiKTeX\tex/latex/hyperref\hpdftex.def
File: hpdftex.def 2021-06-07 v7.00m Hyperref driver for pdfTeX

(C:\Program Files\MiKTeX\tex/latex/base\atveryend-ltx.sty
Package: atveryend-ltx 2020/08/19 v1.0a Emulation of the original atveryend pac
kage
with kernel methods
)
\Fld@listcount=\count288
\c@bookmark@seq@number=\count289

(C:\Program Files\MiKTeX\tex/latex/rerunfilecheck\rerunfilecheck.sty
Package: rerunfilecheck 2019/12/05 v1.9 Rerun checks for auxiliary files (HO)

(C:\Program Files\MiKTeX\tex/generic/uniquecounter\uniquecounter.sty
Package: uniquecounter 2019/12/15 v1.4 Provide unlimited unique counter (HO)
)
Package uniquecounter Info: New unique counter `rerunfilecheck' on input line 2
86.
)
\Hy@SectionHShift=\skip65
)
\c@propno=\count290
\c@mruleno=\count291
\c@definition=\count292
\c@propos=\count293
\c@example=\count294
\c@theorem=\count295
\c@lemma=\count296
)
(C:\Program Files\MiKTeX\tex/latex/amsfonts\amssymb.sty
Package: amssymb 2013/01/14 v3.01 AMS font symbols

(C:\Program Files\MiKTeX\tex/latex/amsfonts\amsfonts.sty
Package: amsfonts 2013/01/14 v3.01 Basic AMSFonts support
\@emptytoks=\toks35
\symAMSa=\mathgroup4
\symAMSb=\mathgroup5
LaTeX Font Info:    Redeclaring math symbol \hbar on input line 98.
LaTeX Font Info:    Overwriting math alphabet `\mathfrak' in version `bold'
(Font)                  U/euf/m/n --> U/euf/b/n on input line 106.
))

LaTeX Warning: \include should only be used after \begin{document} on input lin
e 11.

(resources/headercommon.tex)

LaTeX Warning: \include should only be used after \begin{document} on input lin
e 16.

(resources/headeroop.tex)

LaTeX Warning: \include should only be used after \begin{document} on input lin
e 19.

(resources/headerdrawing.tex)
(C:\Program Files\MiKTeX\tex/latex/listings\listings.sty
\lst@mode=\count297
\lst@gtempboxa=\box60
\lst@token=\toks36
\lst@length=\count298
\lst@currlwidth=\dimen164
\lst@column=\count299
\lst@pos=\count300
\lst@lostspace=\dimen165
\lst@width=\dimen166
\lst@newlines=\count301
\lst@lineno=\count302
\lst@maxwidth=\dimen167

(C:\Program Files\MiKTeX\tex/latex/listings\lstmisc.sty
File: lstmisc.sty 2020/03/24 1.8d (Carsten Heinz)
\c@lstnumber=\count303
\lst@skipnumbers=\count304
\lst@framebox=\box61
)
(C:\Program Files\MiKTeX\tex/latex/listings\listings.cfg
File: listings.cfg 2020/03/24 1.8d listings configuration
))
Package: listings 2020/03/24 1.8d (Carsten Heinz)


LaTeX Warning: \include should only be used after \begin{document} on input lin
e 25.

(resources/header-javacodelisting.tex
(C:\Program Files\MiKTeX\tex/latex/lm\lmodern.sty
Package: lmodern 2009/10/30 v1.6 Latin Modern Fonts
LaTeX Font Info:    Overwriting symbol font `operators' in version `normal'
(Font)                  OT1/cmr/m/n --> OT1/lmr/m/n on input line 22.
LaTeX Font Info:    Overwriting symbol font `letters' in version `normal'
(Font)                  OML/cmm/m/it --> OML/lmm/m/it on input line 23.
LaTeX Font Info:    Overwriting symbol font `symbols' in version `normal'
(Font)                  OMS/cmsy/m/n --> OMS/lmsy/m/n on input line 24.
LaTeX Font Info:    Overwriting symbol font `largesymbols' in version `normal'
(Font)                  OMX/cmex/m/n --> OMX/lmex/m/n on input line 25.
LaTeX Font Info:    Overwriting symbol font `operators' in version `bold'
(Font)                  OT1/cmr/bx/n --> OT1/lmr/bx/n on input line 26.
LaTeX Font Info:    Overwriting symbol font `letters' in version `bold'
(Font)                  OML/cmm/b/it --> OML/lmm/b/it on input line 27.
LaTeX Font Info:    Overwriting symbol font `symbols' in version `bold'
(Font)                  OMS/cmsy/b/n --> OMS/lmsy/b/n on input line 28.
LaTeX Font Info:    Overwriting symbol font `largesymbols' in version `bold'
(Font)                  OMX/cmex/m/n --> OMX/lmex/m/n on input line 29.
LaTeX Font Info:    Overwriting math alphabet `\mathbf' in version `normal'
(Font)                  OT1/cmr/bx/n --> OT1/lmr/bx/n on input line 31.
LaTeX Font Info:    Overwriting math alphabet `\mathsf' in version `normal'
(Font)                  OT1/cmss/m/n --> OT1/lmss/m/n on input line 32.
LaTeX Font Info:    Overwriting math alphabet `\mathit' in version `normal'
(Font)                  OT1/cmr/m/it --> OT1/lmr/m/it on input line 33.
LaTeX Font Info:    Overwriting math alphabet `\mathtt' in version `normal'
(Font)                  OT1/cmtt/m/n --> OT1/lmtt/m/n on input line 34.
LaTeX Font Info:    Overwriting math alphabet `\mathbf' in version `bold'
(Font)                  OT1/cmr/bx/n --> OT1/lmr/bx/n on input line 35.
LaTeX Font Info:    Overwriting math alphabet `\mathsf' in version `bold'
(Font)                  OT1/cmss/bx/n --> OT1/lmss/bx/n on input line 36.
LaTeX Font Info:    Overwriting math alphabet `\mathit' in version `bold'
(Font)                  OT1/cmr/bx/it --> OT1/lmr/bx/it on input line 37.
LaTeX Font Info:    Overwriting math alphabet `\mathtt' in version `bold'
(Font)                  OT1/cmtt/m/n --> OT1/lmtt/m/n on input line 38.
)
(C:\Program Files\MiKTeX\tex/latex/base\fontenc.sty
Package: fontenc 2021/04/29 v2.0v Standard LaTeX package
LaTeX Font Info:    Trying to load font information for T1+lmr on input line 11
2.

(C:\Program Files\MiKTeX\tex/latex/lm\t1lmr.fd
File: t1lmr.fd 2009/10/30 v1.6 Font defs for Latin Modern
)))
(C:\Program Files\MiKTeX\tex/latex/l3backend\l3backend-pdftex.def
File: l3backend-pdftex.def 2022-02-07 L3 backend support: PDF output (pdfTeX)
\l__color_backend_stack_int=\count305
\l__pdf_internal_box=\box62
)
(agl_dcsl.aux)
\openout1 = `agl_dcsl.aux'.

LaTeX Font Info:    Checking defaults for OML/cmm/m/it on input line 34.
LaTeX Font Info:    ... okay on input line 34.
LaTeX Font Info:    Checking defaults for OMS/cmsy/m/n on input line 34.
LaTeX Font Info:    ... okay on input line 34.
LaTeX Font Info:    Checking defaults for OT1/cmr/m/n on input line 34.
LaTeX Font Info:    ... okay on input line 34.
LaTeX Font Info:    Checking defaults for T1/cmr/m/n on input line 34.
LaTeX Font Info:    ... okay on input line 34.
LaTeX Font Info:    Checking defaults for TS1/cmr/m/n on input line 34.
LaTeX Font Info:    ... okay on input line 34.
LaTeX Font Info:    Checking defaults for OMX/cmex/m/n on input line 34.
LaTeX Font Info:    ... okay on input line 34.
LaTeX Font Info:    Checking defaults for U/cmr/m/n on input line 34.
LaTeX Font Info:    ... okay on input line 34.
LaTeX Font Info:    Checking defaults for PD1/pdf/m/n on input line 34.
LaTeX Font Info:    ... okay on input line 34.
LaTeX Font Info:    Checking defaults for PU/pdf/m/n on input line 34.
LaTeX Font Info:    ... okay on input line 34.
 (C:\Program Files\MiKTeX\tex/context/base/mkii\supp-pdf.mkii
[Loading MPS to PDF converter (version 2006.09.02).]
\scratchcounter=\count306
\scratchdimen=\dimen168
\scratchbox=\box63
\nofMPsegments=\count307
\nofMParguments=\count308
\everyMPshowfont=\toks37
\MPscratchCnt=\count309
\MPscratchDim=\dimen169
\MPnumerator=\count310
\makeMPintoPDFobject=\count311
\everyMPtoPDFconversion=\toks38
) (C:\Program Files\MiKTeX\tex/latex/epstopdf-pkg\epstopdf-base.sty
Package: epstopdf-base 2020-01-24 v2.11 Base part for package epstopdf

(C:\Program Files\MiKTeX\tex/latex/grfext\grfext.sty
Package: grfext 2019/12/03 v1.3 Manage graphics extensions (HO)
)
Package epstopdf-base Info: Redefining graphics rule for `.eps' on input line 4
85.
Package grfext Info: Graphics extension search list:
(grfext)             [.png,.jpg,.pdf,.eps]
(grfext)             \AppendGraphicsExtensions on input line 504.

(C:\Program Files\MiKTeX\tex/latex/00miktex\epstopdf-sys.cfg
File: epstopdf-sys.cfg 2021/03/18 v2.0 Configuration of epstopdf for MiKTeX
))
*geometry* driver: auto-detecting
*geometry* detected driver: pdftex
*geometry* verbose mode - [ preamble ] result:
* driver: pdftex
* paper: custom
* layout: <same size as paper>
* layoutoffset:(h,v)=(0.0pt,0.0pt)
* hratio: 1:1
* vratio: 1:1
* modes: 
* h-part:(L,W,R)=(64.75394pt, 468.0pt, 64.75394pt)
* v-part:(T,H,B)=(111.52342pt, 622.0pt, 111.52342pt)
* \paperwidth=597.50787pt
* \paperheight=845.04684pt
* \textwidth=468.0pt
* \textheight=622.0pt
* \oddsidemargin=-7.51605pt
* \evensidemargin=-7.51605pt
* \topmargin=-22.74657pt
* \headheight=50.0pt
* \headsep=12.0pt
* \topskip=10.0pt
* \footskip=18.0pt
* \marginparwidth=65.0pt
* \marginparsep=11.0pt
* \columnsep=24.0pt
* \skip\footins=24.0pt plus 2.0pt minus 12.0pt
* \hoffset=0.0pt
* \voffset=0.0pt
* \mag=1000
* \@twocolumnfalse
* \@twosidefalse
* \@mparswitchfalse
* \@reversemarginfalse
* (1in=72.27pt=25.4mm, 1cm=28.453pt)

Package hyperref Info: Link coloring ON on input line 34.
(C:\Program Files\MiKTeX\tex/latex/hyperref\nameref.sty
Package: nameref 2021-04-02 v2.47 Cross-referencing by name of section

(C:\Program Files\MiKTeX\tex/latex/refcount\refcount.sty
Package: refcount 2019/12/15 v3.6 Data extraction from label references (HO)
)
(C:\Program Files\MiKTeX\tex/generic/gettitlestring\gettitlestring.sty
Package: gettitlestring 2019/12/15 v1.6 Cleanup title references (HO)
)
\c@section@level=\count312
)
LaTeX Info: Redefining \ref on input line 34.
LaTeX Info: Redefining \pageref on input line 34.
LaTeX Info: Redefining \nameref on input line 34.

(agl_dcsl.out) (agl_dcsl.out)
\@outlinefile=\write4
\openout4 = `agl_dcsl.out'.

\c@lstlisting=\count313
 (contents/abstract.tex)
LaTeX Font Info:    Trying to load font information for OT1+lmr on input line 7
3.

(C:\Program Files\MiKTeX\tex/latex/lm\ot1lmr.fd
File: ot1lmr.fd 2009/10/30 v1.6 Font defs for Latin Modern
)
LaTeX Font Info:    Trying to load font information for OML+lmm on input line 7
3.

(C:\Program Files\MiKTeX\tex/latex/lm\omllmm.fd
File: omllmm.fd 2009/10/30 v1.6 Font defs for Latin Modern
)
LaTeX Font Info:    Trying to load font information for OMS+lmsy on input line 
73.

(C:\Program Files\MiKTeX\tex/latex/lm\omslmsy.fd
File: omslmsy.fd 2009/10/30 v1.6 Font defs for Latin Modern
)
LaTeX Font Info:    Trying to load font information for OMX+lmex on input line 
73.

(C:\Program Files\MiKTeX\tex/latex/lm\omxlmex.fd
File: omxlmex.fd 2009/10/30 v1.6 Font defs for Latin Modern
)
LaTeX Font Info:    External font `lmex10' loaded for size
(Font)              <10> on input line 73.
LaTeX Font Info:    External font `lmex10' loaded for size
(Font)              <7> on input line 73.
LaTeX Font Info:    External font `lmex10' loaded for size
(Font)              <5> on input line 73.
LaTeX Font Info:    Trying to load font information for U+msa on input line 73.


(C:\Program Files\MiKTeX\tex/latex/amsfonts\umsa.fd
File: umsa.fd 2013/01/14 v3.01 AMS symbols A
)
LaTeX Font Info:    Trying to load font information for U+msb on input line 73.


(C:\Program Files\MiKTeX\tex/latex/amsfonts\umsb.fd
File: umsb.fd 2013/01/14 v3.01 AMS symbols B
)
LaTeX Font Info:    External font `lmex10' loaded for size
(Font)              <8> on input line 73.
LaTeX Font Info:    External font `lmex10' loaded for size
(Font)              <6> on input line 73.
LaTeX Font Info:    Trying to load font information for T1+lmtt on input line 7
3.

(C:\Program Files\MiKTeX\tex/latex/lm\t1lmtt.fd
File: t1lmtt.fd 2009/10/30 v1.6 Font defs for Latin Modern
) (contents/introduction.tex
[1

{C:/Users/vinhs/AppData/Local/MiKTeX/fonts/map/pdftex/pdftex.map}]
LaTeX Font Info:    Trying to load font information for TS1+lmr on input line 3
3.

(C:\Program Files\MiKTeX\tex/latex/lm\ts1lmr.fd
File: ts1lmr.fd 2009/10/30 v1.6 Font defs for Latin Modern
)) (contents/background.tex
Package epstopdf Info: Source file: <images//motivatingExample.eps>
(epstopdf)                    date: 2022-02-12 16:26:03
(epstopdf)                    size: 300726 bytes
(epstopdf)             Output file: <images//motivatingExample-eps-converted-to
.pdf>
(epstopdf)                    date: 2022-03-24 12:10:52
(epstopdf)                    size: 2404039 bytes
(epstopdf)             Command: <miktex-epstopdf --outfile=images//motivatingEx
ample-eps-converted-to.pdf images//motivatingExample.eps>
(epstopdf)             \includegraphics on input line 16.
Package epstopdf Info: Output file is already uptodate.
<images//motivatingExample-eps-converted-to.pdf, id=259, 1094.89055pt x 615.981
3pt>
File: images//motivatingExample-eps-converted-to.pdf Graphic file (type pdf)
<use images//motivatingExample-eps-converted-to.pdf>
Package pdftex.def Info: images//motivatingExample-eps-converted-to.pdf  used o
n input line 16.
(pdftex.def)             Requested size: 437.94846pt x 246.38815pt.
LaTeX Font Info:    Trying to load font information for OT1+lmtt on input line 
29.

(C:\Program Files\MiKTeX\tex/latex/lm\ot1lmtt.fd
File: ot1lmtt.fd 2009/10/30 v1.6 Font defs for Latin Modern
) [2]

LaTeX Font Warning: Font shape `T1/lmr/m/scit' undefined
(Font)              using `T1/lmr/m/scsl' instead on input line 47.

[3 <./images//motivatingExample-eps-converted-to.pdf>]

LaTeX Font Warning: Font shape `T1/lmr/bx/sc' undefined
(Font)              using `T1/lmr/bx/n' instead on input line 64.

Package epstopdf Info: Source file: <images//dcsl-model-courseman.eps>
(epstopdf)                    date: 2022-02-12 16:26:03
(epstopdf)                    size: 445918 bytes
(epstopdf)             Output file: <images//dcsl-model-courseman-eps-converted
-to.pdf>
(epstopdf)                    date: 2022-02-12 16:26:03
(epstopdf)                    size: 202410 bytes
(epstopdf)             Command: <miktex-epstopdf --outfile=images//dcsl-model-c
ourseman-eps-converted-to.pdf images//dcsl-model-courseman.eps>
(epstopdf)             \includegraphics on input line 78.
Package epstopdf Info: Output file is already uptodate.
<images//dcsl-model-courseman-eps-converted-to.pdf, id=308, 1216.545pt x 681.54
625pt>
File: images//dcsl-model-courseman-eps-converted-to.pdf Graphic file (type pdf)

<use images//dcsl-model-courseman-eps-converted-to.pdf>
Package pdftex.def Info: images//dcsl-model-courseman-eps-converted-to.pdf  use
d on input line 78.
(pdftex.def)             Requested size: 425.79713pt x 238.54475pt.
[4]
Package epstopdf Info: Source file: <images//sw-arch/arch-model-courseman.eps>
(epstopdf)                    date: 2022-02-12 16:26:03
(epstopdf)                    size: 198098 bytes
(epstopdf)             Output file: <images//sw-arch/arch-model-courseman-eps-c
onverted-to.pdf>
(epstopdf)                    date: 2022-02-12 16:26:03
(epstopdf)                    size: 96618 bytes
(epstopdf)             Command: <miktex-epstopdf --outfile=images//sw-arch/arch
-model-courseman-eps-converted-to.pdf images//sw-arch/arch-model-courseman.eps>

(epstopdf)             \includegraphics on input line 103.
Package epstopdf Info: Output file is already uptodate.


pdfTeX warning: pdflatex.exe (file ./images//sw-arch/arch-model-courseman-eps-c
onverted-to.pdf): PDF inclusion: found PDF version <1.7>, but at most version <
1.5> allowed
<images//sw-arch/arch-model-courseman-eps-converted-to.pdf, id=332, 972.63374pt
 x 575.14874pt>
File: images//sw-arch/arch-model-courseman-eps-converted-to.pdf Graphic file (t
ype pdf)
<use images//sw-arch/arch-model-courseman-eps-converted-to.pdf>
Package pdftex.def Info: images//sw-arch/arch-model-courseman-eps-converted-to.
pdf  used on input line 103.
(pdftex.def)             Requested size: 320.97012pt x 189.79967pt.
[5 <./images//dcsl-model-courseman-eps-converted-to.pdf>])
(contents/incorporateDomainBehavior.tex
Package epstopdf Info: Source file: <images//method-overview.eps>
(epstopdf)                    date: 2022-02-12 16:26:03
(epstopdf)                    size: 322073 bytes
(epstopdf)             Output file: <images//method-overview-eps-converted-to.p
df>
(epstopdf)                    date: 2022-03-24 12:42:01
(epstopdf)                    size: 2211619 bytes
(epstopdf)             Command: <miktex-epstopdf --outfile=images//method-overv
iew-eps-converted-to.pdf images//method-overview.eps>
(epstopdf)             \includegraphics on input line 14.
Package epstopdf Info: Output file is already uptodate.
<images//method-overview-eps-converted-to.pdf, id=351, 845.07718pt x 594.30032p
t>
File: images//method-overview-eps-converted-to.pdf Graphic file (type pdf)
<use images//method-overview-eps-converted-to.pdf>
Package pdftex.def Info: images//method-overview-eps-converted-to.pdf  used on 
input line 14.
(pdftex.def)             Requested size: 312.67366pt x 219.88768pt.
 [6 <./images//sw-arch/arch-model-courseman-eps-converted-to.pdf>] [7 <./images
//method-overview-eps-converted-to.pdf>]

LaTeX Font Warning: Font shape `T1/lmr/m/scit' undefined
(Font)              using `T1/lmr/m/scsl' instead on input line 64.


Overfull \hbox (6.18755pt too wide) in paragraph at lines 68--69
[]\T1/lmr/m/it/10 let $\OML/lmm/m/it/10 c[]; [] ; c[] \OMS/lmsy/m/n/10 2 f\OML/
lmm/m/it/10 c[]; [] ; c[]\OMS/lmsy/m/n/10 g$ \T1/lmr/m/it/10 re-alise the non-d
ecision and non-join com-po-nent classes, then $\OML/lmm/m/it/10 c[]; c[]; [] ;
 c[]$
 []

Package epstopdf Info: Source file: <images//unified-model-example.eps>
(epstopdf)                    date: 2022-02-12 16:26:03
(epstopdf)                    size: 300726 bytes
(epstopdf)             Output file: <images//unified-model-example-eps-converte
d-to.pdf>
(epstopdf)                    date: 2022-02-12 16:26:03
(epstopdf)                    size: 149219 bytes
(epstopdf)             Command: <miktex-epstopdf --outfile=images//unified-mode
l-example-eps-converted-to.pdf images//unified-model-example.eps>
(epstopdf)             \includegraphics on input line 79.
Package epstopdf Info: Output file is already uptodate.


pdfTeX warning: pdflatex.exe (file ./images//unified-model-example-eps-converte
d-to.pdf): PDF inclusion: found PDF version <1.7>, but at most version <1.5> al
lowed
<images//unified-model-example-eps-converted-to.pdf, id=389, 1231.60126pt x 851
.18pt>
File: images//unified-model-example-eps-converted-to.pdf Graphic file (type pdf
)
<use images//unified-model-example-eps-converted-to.pdf>
Package pdftex.def Info: images//unified-model-example-eps-converted-to.pdf  us
ed on input line 79.
(pdftex.def)             Requested size: 344.846pt x 238.32877pt.
) (contents/moduleactions.tex [8]

pdfTeX warning: pdflatex.exe (file ./images//The-meta-model-of-UML-activity-mod
elling-language.pdf): PDF inclusion: found PDF version <1.7>, but at most versi
on <1.5> allowed
<images//The-meta-model-of-UML-activity-modelling-language.pdf, id=410, 881.292
5pt x 640.3925pt>
File: images//The-meta-model-of-UML-activity-modelling-language.pdf Graphic fil
e (type pdf)
<use images//The-meta-model-of-UML-activity-modelling-language.pdf>
Package pdftex.def Info: images//The-meta-model-of-UML-activity-modelling-langu
age.pdf  used on input line 45.
(pdftex.def)             Requested size: 264.38979pt x 192.11923pt.

Overfull \hbox (20.74976pt too wide) in paragraph at lines 54--56
[]\T1/lmr/m/n/10 Structurally, an $[]$ con-sists of an ac-tiv-ity graph that is
 made up of $[]$ and $[]$.
 []

[9 <./images//unified-model-example-eps-converted-to.pdf>] [10 <./images//The-m
eta-model-of-UML-activity-modelling-language.pdf>] [11]
Overfull \hbox (1.53456pt too wide) in paragraph at lines 139--140
[][]\T1/lmr/bx/n/10 Definition 4. []\T1/lmr/m/it/10 An \T1/lmr/bx/it/10 atomic 
ac-tion se-quence \T1/lmr/m/it/10 (\T1/lmr/bx/it/10 ASE\T1/lmr/m/it/10 ) $\OML/
lmm/m/it/10 S \OT1/lmr/m/n/10 = (\OML/lmm/m/it/10 a[]; [] ; a[]\OT1/lmr/m/n/10 
)$ \T1/lmr/m/it/10 is a mod-ule ac-tion iff $\OML/lmm/m/it/10 a[]:[] \OMS/lmsy/
m/n/10 
 []

Package epstopdf Info: Source file: <images//ase-example.eps>
(epstopdf)                    date: 2022-02-12 16:26:03
(epstopdf)                    size: 47366 bytes
(epstopdf)             Output file: <images//ase-example-eps-converted-to.pdf>
(epstopdf)                    date: 2022-02-12 16:26:03
(epstopdf)                    size: 24644 bytes
(epstopdf)             Command: <miktex-epstopdf --outfile=images//ase-example-
eps-converted-to.pdf images//ase-example.eps>
(epstopdf)             \includegraphics on input line 155.
Package epstopdf Info: Output file is already uptodate.


pdfTeX warning: pdflatex.exe (file ./images//ase-example-eps-converted-to.pdf):
 PDF inclusion: found PDF version <1.7>, but at most version <1.5> allowed
<images//ase-example-eps-converted-to.pdf, id=452, 282.05376pt x 508.90125pt>
File: images//ase-example-eps-converted-to.pdf Graphic file (type pdf)
<use images//ase-example-eps-converted-to.pdf>
Package pdftex.def Info: images//ase-example-eps-converted-to.pdf  used on inpu
t line 155.
(pdftex.def)             Requested size: 98.72028pt x 178.1181pt.
[12 <./images//ase-example-eps-converted-to.pdf>]
Overfull \hbox (5.77338pt too wide) in paragraph at lines 226--227
[]\T1/lmr/m/it/10 Abstractly, we write $\OML/lmm/m/it/10 A \OT1/lmr/m/n/10 = (\
OML/lmm/m/it/10 a; \OMS/lmsy/m/n/10 f\OML/lmm/m/it/10 s[]; [] ; s[]\OMS/lmsy/m/
n/10 g\OML/lmm/m/it/10 ; i\OT1/lmr/m/n/10 )$\T1/lmr/m/it/10 . If $\OML/lmm/m/it
/10 i$ \T1/lmr/m/it/10 = $\OMS/lmsy/m/n/10 ;$ \T1/lmr/m/it/10 then we omit it a
nd sim-ply write $\OML/lmm/m/it/10 A$ \T1/lmr/m/it/10 as $\OT1/lmr/m/n/10 (\OML
/lmm/m/it/10 a; \OMS/lmsy/m/n/10 f\OML/lmm/m/it/10 s[]; [] ; s[]\OMS/lmsy/m/n/1
0 g\OT1/lmr/m/n/10 )$\T1/lmr/m/it/10 .
 []

[13]) (contents/agl.tex [14]
Package epstopdf Info: Source file: <images//agl-cm.eps>
(epstopdf)                    date: 2022-02-12 16:26:03
(epstopdf)                    size: 225309 bytes
(epstopdf)             Output file: <images//agl-cm-eps-converted-to.pdf>
(epstopdf)                    date: 2022-02-12 16:26:03
(epstopdf)                    size: 105666 bytes
(epstopdf)             Command: <miktex-epstopdf --outfile=images//agl-cm-eps-c
onverted-to.pdf images//agl-cm.eps>
(epstopdf)             \includegraphics on input line 49.
Package epstopdf Info: Output file is already uptodate.


pdfTeX warning: pdflatex.exe (file ./images//agl-cm-eps-converted-to.pdf): PDF 
inclusion: found PDF version <1.7>, but at most version <1.5> allowed
<images//agl-cm-eps-converted-to.pdf, id=486, 1319.93124pt x 817.0525pt>
File: images//agl-cm-eps-converted-to.pdf Graphic file (type pdf)
<use images//agl-cm-eps-converted-to.pdf>
Package pdftex.def Info: images//agl-cm-eps-converted-to.pdf  used on input lin
e 49.
(pdftex.def)             Requested size: 435.57866pt x 269.62816pt.
[15 <./images//agl-cm-eps-converted-to.pdf>]
Package epstopdf Info: Source file: <images//activity-graph-example.eps>
(epstopdf)                    date: 2022-02-12 16:26:03
(epstopdf)                    size: 177277 bytes
(epstopdf)             Output file: <images//activity-graph-example-eps-convert
ed-to.pdf>
(epstopdf)                    date: 2022-02-12 16:26:03
(epstopdf)                    size: 85686 bytes
(epstopdf)             Command: <miktex-epstopdf --outfile=images//activity-gra
ph-example-eps-converted-to.pdf images//activity-graph-example.eps>
(epstopdf)             \includegraphics on input line 97.
Package epstopdf Info: Output file is already uptodate.


pdfTeX warning: pdflatex.exe (file ./images//activity-graph-example-eps-convert
ed-to.pdf): PDF inclusion: found PDF version <1.7>, but at most version <1.5> a
llowed
<images//activity-graph-example-eps-converted-to.pdf, id=502, 1179.40625pt x 61
1.28375pt>
File: images//activity-graph-example-eps-converted-to.pdf Graphic file (type pd
f)
<use images//activity-graph-example-eps-converted-to.pdf>
Package pdftex.def Info: images//activity-graph-example-eps-converted-to.pdf  u
sed on input line 97.
(pdftex.def)             Requested size: 353.8246pt x 183.38654pt.

Overfull \hbox (6.09454pt too wide) in paragraph at lines 114--114
 []|\T1/lmr/bx/n/8 Node- 
 []


Overfull \hbox (4.60532pt too wide) in paragraph at lines 125--125
 []|\T1/lmr/bx/n/8 Edge- 
 []


Overfull \hbox (2.65536pt too wide) in paragraph at lines 110--142
 [] 
 []

[16]

Package hyperref Warning: Token not allowed in a PDF string (Unicode):
(hyperref)                removing `math shift' on input line 154.


Package hyperref Warning: Token not allowed in a PDF string (Unicode):
(hyperref)                removing `subscript' on input line 154.


Package hyperref Warning: Token not allowed in a PDF string (Unicode):
(hyperref)                removing `math shift' on input line 154.

Package epstopdf Info: Source file: <images//agl-cmt.eps>
(epstopdf)                    date: 2022-02-12 16:26:03
(epstopdf)                    size: 166235 bytes
(epstopdf)             Output file: <images//agl-cmt-eps-converted-to.pdf>
(epstopdf)                    date: 2022-02-12 16:26:03
(epstopdf)                    size: 78176 bytes
(epstopdf)             Command: <miktex-epstopdf --outfile=images//agl-cmt-eps-
converted-to.pdf images//agl-cmt.eps>
(epstopdf)             \includegraphics on input line 161.
Package epstopdf Info: Output file is already uptodate.


pdfTeX warning: pdflatex.exe (file ./images//agl-cmt-eps-converted-to.pdf): PDF
 inclusion: found PDF version <1.7>, but at most version <1.5> allowed
<images//agl-cmt-eps-converted-to.pdf, id=524, 685.56125pt x 484.81125pt>
File: images//agl-cmt-eps-converted-to.pdf Graphic file (type pdf)
<use images//agl-cmt-eps-converted-to.pdf>
Package pdftex.def Info: images//agl-cmt-eps-converted-to.pdf  used on input li
ne 161.
(pdftex.def)             Requested size: 274.21964pt x 193.92105pt.
[17 <./images//activity-graph-example-eps-converted-to.pdf>] [18 <./images//agl
-cmt-eps-converted-to.pdf>]

Package hyperref Warning: Token not allowed in a PDF string (Unicode):
(hyperref)                removing `math shift' on input line 207.


Package hyperref Warning: Token not allowed in a PDF string (Unicode):
(hyperref)                removing `subscript' on input line 207.


Package hyperref Warning: Token not allowed in a PDF string (Unicode):
(hyperref)                removing `math shift' on input line 207.


Overfull \hbox (1.77025pt too wide) in paragraph at lines 251--251
 |[][]$\OML/lmm/m/it/8 M[]$| 
 []


Overfull \hbox (1.77025pt too wide) in paragraph at lines 262--262
 |[][]$\OML/lmm/m/it/8 M[]$| 
 []


Overfull \hbox (1.77025pt too wide) in paragraph at lines 265--265
 |[][]$\OML/lmm/m/it/8 M[]$| 
 []


Overfull \hbox (1.77025pt too wide) in paragraph at lines 267--267
 |[][]$\OML/lmm/m/it/8 M[]$| 
 []


Overfull \hbox (1.77025pt too wide) in paragraph at lines 271--271
 |[][]$\OML/lmm/m/it/8 M[]$| 
 []

[19] [20]
Package epstopdf Info: Source file: <images//agl-asm.eps>
(epstopdf)                    date: 2022-02-12 16:26:03
(epstopdf)                    size: 35937 bytes
(epstopdf)             Output file: <images//agl-asm-eps-converted-to.pdf>
(epstopdf)                    date: 2022-02-12 16:26:03
(epstopdf)                    size: 19240 bytes
(epstopdf)             Command: <miktex-epstopdf --outfile=images//agl-asm-eps-
converted-to.pdf images//agl-asm.eps>
(epstopdf)             \includegraphics on input line 338.
Package epstopdf Info: Output file is already uptodate.


pdfTeX warning: pdflatex.exe (file ./images//agl-asm-eps-converted-to.pdf): PDF
 inclusion: found PDF version <1.7>, but at most version <1.5> allowed
<images//agl-asm-eps-converted-to.pdf, id=646, 794.97pt x 302.12875pt>
File: images//agl-asm-eps-converted-to.pdf Graphic file (type pdf)
<use images//agl-asm-eps-converted-to.pdf>
Package pdftex.def Info: images//agl-asm-eps-converted-to.pdf  used on input li
ne 338.
(pdftex.def)             Requested size: 317.98236pt x 120.84935pt.
[21 <./images//agl-asm-eps-converted-to.pdf>]
Package epstopdf Info: Source file: <images//agc-enrolmentmgmt.eps>
(epstopdf)                    date: 2022-02-12 16:26:03
(epstopdf)                    size: 352873 bytes
(epstopdf)             Output file: <images//agc-enrolmentmgmt-eps-converted-to
.pdf>
(epstopdf)                    date: 2022-03-28 19:19:39
(epstopdf)                    size: 920012 bytes
(epstopdf)             Command: <miktex-epstopdf --outfile=images//agc-enrolmen
tmgmt-eps-converted-to.pdf images//agc-enrolmentmgmt.eps>
(epstopdf)             \includegraphics on input line 381.
Package epstopdf Info: Output file is already uptodate.


pdfTeX warning: pdflatex.exe (file ./images//agc-enrolmentmgmt-eps-converted-to
.pdf): PDF inclusion: found PDF version <1.7>, but at most version <1.5> allowe
d
<images//agc-enrolmentmgmt-eps-converted-to.pdf, id=662, 1047.915pt x 560.0925p
t>
File: images//agc-enrolmentmgmt-eps-converted-to.pdf Graphic file (type pdf)
<use images//agc-enrolmentmgmt-eps-converted-to.pdf>
Package pdftex.def Info: images//agc-enrolmentmgmt-eps-converted-to.pdf  used o
n input line 381.
(pdftex.def)             Requested size: 419.15857pt x 224.03302pt.
[22 <./images//agc-enrolmentmgmt-eps-converted-to.pdf>]) (contents/tool.tex
Package epstopdf Info: Source file: <images//software-tool.eps>
(epstopdf)                    date: 2022-02-12 16:26:03
(epstopdf)                    size: 792263 bytes
(epstopdf)             Output file: <images//software-tool-eps-converted-to.pdf
>
(epstopdf)                    date: 2022-02-12 16:26:03
(epstopdf)                    size: 238838 bytes
(epstopdf)             Command: <miktex-epstopdf --outfile=images//software-too
l-eps-converted-to.pdf images//software-tool.eps>
(epstopdf)             \includegraphics on input line 7.
Package epstopdf Info: Output file is already uptodate.
<images//software-tool-eps-converted-to.pdf, id=719, 789.95125pt x 560.0925pt>
File: images//software-tool-eps-converted-to.pdf Graphic file (type pdf)
<use images//software-tool-eps-converted-to.pdf>
Package pdftex.def Info: images//software-tool-eps-converted-to.pdf  used on in
put line 7.
(pdftex.def)             Requested size: 394.97466pt x 280.04556pt.

[23 <./images//software-tool-eps-converted-to.pdf>]) (contents/eval.tex
Package epstopdf Info: Source file: <images//case-study/sequential-form.eps>
(epstopdf)                    date: 2022-02-12 16:26:03
(epstopdf)                    size: 520937 bytes
(epstopdf)             Output file: <images//case-study/sequential-form-eps-con
verted-to.pdf>
(epstopdf)                    date: 2022-02-12 16:26:03
(epstopdf)                    size: 241761 bytes
(epstopdf)             Command: <miktex-epstopdf --outfile=images//case-study/s
equential-form-eps-converted-to.pdf images//case-study/sequential-form.eps>
(epstopdf)             \includegraphics on input line 27.
Package epstopdf Info: Output file is already uptodate.


pdfTeX warning: pdflatex.exe (file ./images//case-study/sequential-form-eps-con
verted-to.pdf): PDF inclusion: found PDF version <1.7>, but at most version <1.
5> allowed
<images//case-study/sequential-form-eps-converted-to.pdf, id=750, 1369.115pt x 
725.71124pt>
File: images//case-study/sequential-form-eps-converted-to.pdf Graphic file (typ
e pdf)
<use images//case-study/sequential-form-eps-converted-to.pdf>
Package pdftex.def Info: images//case-study/sequential-form-eps-converted-to.pd
f  used on input line 27.
(pdftex.def)             Requested size: 451.80934pt x 239.48544pt.
Package epstopdf Info: Source file: <images//case-study/sequential-form-eg-gui.
eps>
(epstopdf)                    date: 2022-02-12 16:26:03
(epstopdf)                    size: 324825 bytes
(epstopdf)             Output file: <images//case-study/sequential-form-eg-gui-
eps-converted-to.pdf>
(epstopdf)                    date: 2022-02-12 16:26:03
(epstopdf)                    size: 33659 bytes
(epstopdf)             Command: <miktex-epstopdf --outfile=images//case-study/s
equential-form-eg-gui-eps-converted-to.pdf images//case-study/sequential-form-e
g-gui.eps>
(epstopdf)             \includegraphics on input line 35.
Package epstopdf Info: Output file is already uptodate.


pdfTeX warning: pdflatex.exe (file ./images//case-study/sequential-form-eg-gui-
eps-converted-to.pdf): PDF inclusion: found PDF version <1.7>, but at most vers
ion <1.5> allowed
<images//case-study/sequential-form-eg-gui-eps-converted-to.pdf, id=751, 899.36
pt x 310.15875pt>
File: images//case-study/sequential-form-eg-gui-eps-converted-to.pdf Graphic fi
le (type pdf)
<use images//case-study/sequential-form-eg-gui-eps-converted-to.pdf>
Package pdftex.def Info: images//case-study/sequential-form-eg-gui-eps-converte
d-to.pdf  used on input line 35.
(pdftex.def)             Requested size: 449.6789pt x 155.079pt.
[24] [25 <./images//case-study/sequential-form-eps-converted-to.pdf>]
Package epstopdf Info: Source file: <images//case-study/decisional-form.eps>
(epstopdf)                    date: 2022-02-12 16:26:03
(epstopdf)                    size: 916911 bytes
(epstopdf)             Output file: <images//case-study/decisional-form-eps-con
verted-to.pdf>
(epstopdf)                    date: 2022-02-12 16:26:03
(epstopdf)                    size: 406063 bytes
(epstopdf)             Command: <miktex-epstopdf --outfile=images//case-study/d
ecisional-form-eps-converted-to.pdf images//case-study/decisional-form.eps>
(epstopdf)             \includegraphics on input line 60.
Package epstopdf Info: Output file is already uptodate.


pdfTeX warning: pdflatex.exe (file ./images//case-study/decisional-form-eps-con
verted-to.pdf): PDF inclusion: found PDF version <1.7>, but at most version <1.
5> allowed
<images//case-study/decisional-form-eps-converted-to.pdf, id=774, 1877.0125pt x
 1149.29375pt>
File: images//case-study/decisional-form-eps-converted-to.pdf Graphic file (typ
e pdf)
<use images//case-study/decisional-form-eps-converted-to.pdf>
Package pdftex.def Info: images//case-study/decisional-form-eps-converted-to.pd
f  used on input line 60.
(pdftex.def)             Requested size: 469.25198pt x 287.32274pt.

Overfull \hbox (1.25198pt too wide) in paragraph at lines 59--61
 [] 
 []

Package epstopdf Info: Source file: <images//case-study/decisional-form-eg-gui.
eps>
(epstopdf)                    date: 2022-02-12 16:26:03
(epstopdf)                    size: 548759 bytes
(epstopdf)             Output file: <images//case-study/decisional-form-eg-gui-
eps-converted-to.pdf>
(epstopdf)                    date: 2022-02-12 16:26:03
(epstopdf)                    size: 60842 bytes
(epstopdf)             Command: <miktex-epstopdf --outfile=images//case-study/d
ecisional-form-eg-gui-eps-converted-to.pdf images//case-study/decisional-form-e
g-gui.eps>
(epstopdf)             \includegraphics on input line 69.
Package epstopdf Info: Output file is already uptodate.
<images//case-study/decisional-form-eg-gui-eps-converted-to.pdf, id=775, 1128.2
15pt x 328.22626pt>
File: images//case-study/decisional-form-eg-gui-eps-converted-to.pdf Graphic fi
le (type pdf)
<use images//case-study/decisional-form-eg-gui-eps-converted-to.pdf>
Package pdftex.def Info: images//case-study/decisional-form-eg-gui-eps-converte
d-to.pdf  used on input line 69.
(pdftex.def)             Requested size: 473.84708pt x 137.85408pt.

Overfull \hbox (5.84708pt too wide) in paragraph at lines 68--70
 [] 
 []

[26 <./images//case-study/sequential-form-eg-gui-eps-converted-to.pdf>]
Package epstopdf Info: Source file: <images//case-study/forked-form.eps>
(epstopdf)                    date: 2022-02-12 16:26:03
(epstopdf)                    size: 890598 bytes
(epstopdf)             Output file: <images//case-study/forked-form-eps-convert
ed-to.pdf>
(epstopdf)                    date: 2022-02-12 16:26:03
(epstopdf)                    size: 393555 bytes
(epstopdf)             Command: <miktex-epstopdf --outfile=images//case-study/f
orked-form-eps-converted-to.pdf images//case-study/forked-form.eps>
(epstopdf)             \includegraphics on input line 100.
Package epstopdf Info: Output file is already uptodate.


pdfTeX warning: pdflatex.exe (file ./images//case-study/forked-form-eps-convert
ed-to.pdf): PDF inclusion: found PDF version <1.7>, but at most version <1.5> a
llowed
<images//case-study/forked-form-eps-converted-to.pdf, id=793, 1704.3675pt x 108
7.06125pt>
File: images//case-study/forked-form-eps-converted-to.pdf Graphic file (type pd
f)
<use images//case-study/forked-form-eps-converted-to.pdf>
Package pdftex.def Info: images//case-study/forked-form-eps-converted-to.pdf  u
sed on input line 100.
(pdftex.def)             Requested size: 477.21965pt x 304.37508pt.

Overfull \hbox (9.21965pt too wide) in paragraph at lines 99--101
 [] 
 []

Package epstopdf Info: Source file: <images//case-study/forked-form-eg-gui.eps>

(epstopdf)                    date: 2022-02-12 16:26:03
(epstopdf)                    size: 793386 bytes
(epstopdf)             Output file: <images//case-study/forked-form-eg-gui-eps-
converted-to.pdf>
(epstopdf)                    date: 2022-02-12 16:26:03
(epstopdf)                    size: 222959 bytes
(epstopdf)             Command: <miktex-epstopdf --outfile=images//case-study/f
orked-form-eg-gui-eps-converted-to.pdf images//case-study/forked-form-eg-gui.ep
s>
(epstopdf)             \includegraphics on input line 109.
Package epstopdf Info: Output file is already uptodate.
<images//case-study/forked-form-eg-gui-eps-converted-to.pdf, id=794, 1263.72125
pt x 452.69125pt>
File: images//case-study/forked-form-eg-gui-eps-converted-to.pdf Graphic file (
type pdf)
<use images//case-study/forked-form-eg-gui-eps-converted-to.pdf>
Package pdftex.def Info: images//case-study/forked-form-eg-gui-eps-converted-to
.pdf  used on input line 109.
(pdftex.def)             Requested size: 467.56955pt x 167.49313pt.
[27 <./images//case-study/decisional-form-eps-converted-to.pdf>]
Package epstopdf Info: Source file: <images//case-study/joined-form.eps>
(epstopdf)                    date: 2022-02-12 16:26:03
(epstopdf)                    size: 855210 bytes
(epstopdf)             Output file: <images//case-study/joined-form-eps-convert
ed-to.pdf>
(epstopdf)                    date: 2022-02-12 16:26:03
(epstopdf)                    size: 378897 bytes
(epstopdf)             Command: <miktex-epstopdf --outfile=images//case-study/j
oined-form-eps-converted-to.pdf images//case-study/joined-form.eps>
(epstopdf)             \includegraphics on input line 134.
Package epstopdf Info: Output file is already uptodate.


pdfTeX warning: pdflatex.exe (file ./images//case-study/joined-form-eps-convert
ed-to.pdf): PDF inclusion: found PDF version <1.7>, but at most version <1.5> a
llowed
<images//case-study/joined-form-eps-converted-to.pdf, id=806, 1593.955pt x 1077
.02374pt>
File: images//case-study/joined-form-eps-converted-to.pdf Graphic file (type pd
f)
<use images//case-study/joined-form-eps-converted-to.pdf>
Package pdftex.def Info: images//case-study/joined-form-eps-converted-to.pdf  u
sed on input line 134.
(pdftex.def)             Requested size: 478.1902pt x 323.10962pt.

Overfull \hbox (10.1902pt too wide) in paragraph at lines 133--135
 [] 
 []

Package epstopdf Info: Source file: <images//case-study/joined-form-eg-gui.eps>

(epstopdf)                    date: 2022-02-12 16:26:03
(epstopdf)                    size: 745165 bytes
(epstopdf)             Output file: <images//case-study/joined-form-eg-gui-eps-
converted-to.pdf>
(epstopdf)                    date: 2022-02-12 16:26:03
(epstopdf)                    size: 140738 bytes
(epstopdf)             Command: <miktex-epstopdf --outfile=images//case-study/j
oined-form-eg-gui-eps-converted-to.pdf images//case-study/joined-form-eg-gui.ep
s>
(epstopdf)             \includegraphics on input line 143.
Package epstopdf Info: Output file is already uptodate.
<images//case-study/joined-form-eg-gui-eps-converted-to.pdf, id=807, 1252.68pt 
x 407.5225pt>
File: images//case-study/joined-form-eg-gui-eps-converted-to.pdf Graphic file (
type pdf)
<use images//case-study/joined-form-eg-gui-eps-converted-to.pdf>
Package pdftex.def Info: images//case-study/joined-form-eg-gui-eps-converted-to
.pdf  used on input line 143.
(pdftex.def)             Requested size: 476.02335pt x 154.86015pt.

Overfull \hbox (8.02335pt too wide) in paragraph at lines 142--144
 [] 
 []


Overfull \hbox (10.16864pt too wide) in paragraph at lines 158--160
[]\T1/lmr/m/n/10 In this ex-am-ple: $[]$ = $[]$, $\OML/lmm/m/it/10 n \OT1/lmr/m
/n/10 = 2$\T1/lmr/m/n/10 , $[]$ = $[]$, $[]$ = $[]$, $\OT1/lmtt/m/n/10 J$ \T1/l
mr/m/n/10 = $[]$,
 []

[28 <./images//case-study/decisional-form-eg-gui-eps-converted-to.pdf>]
Package epstopdf Info: Source file: <images//case-study/merged-form.eps>
(epstopdf)                    date: 2022-02-12 16:26:03
(epstopdf)                    size: 886828 bytes
(epstopdf)             Output file: <images//case-study/merged-form-eps-convert
ed-to.pdf>
(epstopdf)                    date: 2022-02-12 16:26:03
(epstopdf)                    size: 396857 bytes
(epstopdf)             Command: <miktex-epstopdf --outfile=images//case-study/m
erged-form-eps-converted-to.pdf images//case-study/merged-form.eps>
(epstopdf)             \includegraphics on input line 168.
Package epstopdf Info: Output file is already uptodate.


pdfTeX warning: pdflatex.exe (file ./images//case-study/merged-form-eps-convert
ed-to.pdf): PDF inclusion: found PDF version <1.7>, but at most version <1.5> a
llowed
<images//case-study/merged-form-eps-converted-to.pdf, id=823, 1599.9775pt x 112
7.21124pt>
File: images//case-study/merged-form-eps-converted-to.pdf Graphic file (type pd
f)
<use images//case-study/merged-form-eps-converted-to.pdf>
Package pdftex.def Info: images//case-study/merged-form-eps-converted-to.pdf  u
sed on input line 168.
(pdftex.def)             Requested size: 479.99695pt x 338.16599pt.

Overfull \hbox (11.99695pt too wide) in paragraph at lines 167--169
 [] 
 []

Package epstopdf Info: Source file: <images//case-study/merged-form-eg-gui.eps>

(epstopdf)                    date: 2022-02-12 16:26:03
(epstopdf)                    size: 661961 bytes
(epstopdf)             Output file: <images//case-study/merged-form-eg-gui-eps-
converted-to.pdf>
(epstopdf)                    date: 2022-02-12 16:26:03
(epstopdf)                    size: 260338 bytes
(epstopdf)             Command: <miktex-epstopdf --outfile=images//case-study/m
erged-form-eg-gui-eps-converted-to.pdf images//case-study/merged-form-eg-gui.ep
s>
(epstopdf)             \includegraphics on input line 177.
Package epstopdf Info: Output file is already uptodate.
<images//case-study/merged-form-eg-gui-eps-converted-to.pdf, id=824, 1252.68pt 
x 358.33875pt>
File: images//case-study/merged-form-eg-gui-eps-converted-to.pdf Graphic file (
type pdf)
<use images//case-study/merged-form-eg-gui-eps-converted-to.pdf>
Package pdftex.def Info: images//case-study/merged-form-eg-gui-eps-converted-to
.pdf  used on input line 177.
(pdftex.def)             Requested size: 476.02335pt x 136.17014pt.

Overfull \hbox (8.02335pt too wide) in paragraph at lines 176--178
 [] 
 []

[29 <./images//case-study/forked-form-eps-converted-to.pdf>] [30 <./images//cas
e-study/forked-form-eg-gui-eps-converted-to.pdf>]) (contents/threats.tex
[31 <./images//case-study/joined-form-eps-converted-to.pdf>])
(contents/relatedwork.tex [32 <./images//case-study/joined-form-eg-gui-eps-conv
erted-to.pdf>] [33 <./images//case-study/merged-form-eps-converted-to.pdf>]
[34 <./images//case-study/merged-form-eg-gui-eps-converted-to.pdf>])
(contents/conclusion.tex) [35] [36] (agl_dcsl.bbl [37]) (contents/apex-agl.tex
[38] [39]) [40] [41] (agl_dcsl.aux)

LaTeX Font Warning: Some font shapes were not available, defaults substituted.

Package rerunfilecheck Info: File `agl_dcsl.out' has not changed.
(rerunfilecheck)             Checksum: B82EA343D1953FA97D54D2E03692B4D6;8866.
 ) 
Here is how much of TeX's memory you used:
 14912 strings out of 478584
 235940 string characters out of 2854216
 763842 words of memory out of 3000000
 32438 multiletter control sequences out of 15000+600000
 585617 words of font info for 92 fonts, out of 8000000 for 9000
 1141 hyphenation exceptions out of 8191
 70i,14n,76p,1571b,1842s stack positions out of 5000i,500n,10000p,200000b,80000s
{C:/Program Files/MiKTeX/fonts/enc/dvips/lm/lm-ec.enc}{C:/Program Files/MiKTe
X/fonts/enc/dvips/lm/lm-rm.enc}{C:/Program Files/MiKTeX/fonts/enc/dvips/lm/lm-m
athit.enc}{C:/Program Files/MiKTeX/fonts/enc/dvips/lm/lm-mathsy.enc}{C:/Program
 Files/MiKTeX/fonts/enc/dvips/lm/lm-mathex.enc}{C:/Program Files/MiKTeX/fonts/e
nc/dvips/lm/lm-rmtt.enc}{C:/Program Files/MiKTeX/fonts/enc/dvips/lm/lm-ts1.enc}
<C:/Program Files/MiKTeX/fonts/type1/public/lm/lmbx10.pfb><C:/Program Files/MiK
TeX/fonts/type1/public/lm/lmbx6.pfb><C:/Program Files/MiKTeX/fonts/type1/public
/lm/lmbx8.pfb><C:/Program Files/MiKTeX/fonts/type1/public/lm/lmbxi10.pfb><C:/Pr
ogram Files/MiKTeX/fonts/type1/public/lm/lmcsc10.pfb><C:/Program Files/MiKTeX/f
onts/type1/public/lm/lmcsco10.pfb><C:/Program Files/MiKTeX/fonts/type1/public/l
m/lmex10.pfb><C:/Program Files/MiKTeX/fonts/type1/public/lm/lmmi10.pfb><C:/Prog
ram Files/MiKTeX/fonts/type1/public/lm/lmmi5.pfb><C:/Program Files/MiKTeX/fonts
/type1/public/lm/lmmi6.pfb><C:/Program Files/MiKTeX/fonts/type1/public/lm/lmmi7
.pfb><C:/Program Files/MiKTeX/fonts/type1/public/lm/lmmi8.pfb><C:/Program Files
/MiKTeX/fonts/type1/public/lm/lmr10.pfb><C:/Program Files/MiKTeX/fonts/type1/pu
blic/lm/lmr12.pfb><C:/Program Files/MiKTeX/fonts/type1/public/lm/lmr5.pfb><C:/P
rogram Files/MiKTeX/fonts/type1/public/lm/lmr6.pfb><C:/Program Files/MiKTeX/fon
ts/type1/public/lm/lmr7.pfb><C:/Program Files/MiKTeX/fonts/type1/public/lm/lmr8
.pfb><C:/Program Files/MiKTeX/fonts/type1/public/lm/lmri10.pfb><C:/Program File
s/MiKTeX/fonts/type1/public/lm/lmri7.pfb><C:/Program Files/MiKTeX/fonts/type1/p
ublic/lm/lmri8.pfb><C:/Program Files/MiKTeX/fonts/type1/public/lm/lmsy10.pfb><C
:/Program Files/MiKTeX/fonts/type1/public/lm/lmsy6.pfb><C:/Program Files/MiKTeX
/fonts/type1/public/lm/lmsy7.pfb><C:/Program Files/MiKTeX/fonts/type1/public/lm
/lmsy8.pfb><C:/Program Files/MiKTeX/fonts/type1/public/lm/lmtt10.pfb><C:/Progra
m Files/MiKTeX/fonts/type1/public/lm/lmtt8.pfb><C:/Program Files/MiKTeX/fonts/t
ype1/public/lm/lmtt9.pfb>
Output written on agl_dcsl.pdf (41 pages, 10618888 bytes).
PDF statistics:
 1338 PDF objects out of 1440 (max. 8388607)
 333 named destinations out of 1000 (max. 500000)
 524 words of extra memory for PDF output out of 10000 (max. 10000000)

