This is pdfTeX, Version 3.141592653-2.6-1.40.22 (TeX Live 2022/dev/Debian) (preloaded format=pdflatex 2022.4.30)  31 JUL 2022 06:09
entering extended mode
 restricted \write18 enabled.
 %&-line parsing enabled.
**agl_dcsl.tex
(./agl_dcsl.tex
LaTeX2e <2021-11-15> patch level 1
L3 programming layer <2022-01-21> (./elsarticle.cls
Document Class: elsarticle 2009/09/17, 1.2.0: Elsevier Ltd
\@bls=\dimen138
(/usr/share/texlive/texmf-dist/tex/latex/base/article.cls
Document Class: article 2021/10/04 v1.4n Standard LaTeX document class
(/usr/share/texlive/texmf-dist/tex/latex/base/size10.clo
File: size10.clo 2021/10/04 v1.4n Standard LaTeX file (size option)
)
\c@part=\count185
\c@section=\count186
\c@subsection=\count187
\c@subsubsection=\count188
\c@paragraph=\count189
\c@subparagraph=\count190
\c@figure=\count191
\c@table=\count192
\abovecaptionskip=\skip47
\belowcaptionskip=\skip48
\bibindent=\dimen139
)
(/usr/share/texlive/texmf-dist/tex/latex/graphics/graphicx.sty
Package: graphicx 2021/09/16 v1.2d Enhanced LaTeX Graphics (DPC,SPQR)

(/usr/share/texlive/texmf-dist/tex/latex/graphics/keyval.sty
Package: keyval 2014/10/28 v1.15 key=value parser (DPC)
\KV@toks@=\toks16
)
(/usr/share/texlive/texmf-dist/tex/latex/graphics/graphics.sty
Package: graphics 2021/03/04 v1.4d Standard LaTeX Graphics (DPC,SPQR)

(/usr/share/texlive/texmf-dist/tex/latex/graphics/trig.sty
Package: trig 2021/08/11 v1.11 sin cos tan (DPC)
)
(/usr/share/texlive/texmf-dist/tex/latex/graphics-cfg/graphics.cfg
File: graphics.cfg 2016/06/04 v1.11 sample graphics configuration
)
Package graphics Info: Driver file: pdftex.def on input line 107.

(/usr/share/texlive/texmf-dist/tex/latex/graphics-def/pdftex.def
File: pdftex.def 2020/10/05 v1.2a Graphics/color driver for pdftex
))
\Gin@req@height=\dimen140
\Gin@req@width=\dimen141
)
(/usr/share/texlive/texmf-dist/tex/latex/psnfss/pifont.sty
Package: pifont 2020/03/25 PSNFSS-v9.3 Pi font support (SPQR) 
LaTeX Font Info:    Trying to load font information for U+pzd on input line 63.


(/usr/share/texlive/texmf-dist/tex/latex/psnfss/upzd.fd
File: upzd.fd 2001/06/04 font definitions for U/pzd.
)
LaTeX Font Info:    Trying to load font information for U+psy on input line 64.


(/usr/share/texlive/texmf-dist/tex/latex/psnfss/upsy.fd
File: upsy.fd 2001/06/04 font definitions for U/psy.
))
\c@tnote=\count193
\c@fnote=\count194
\c@cnote=\count195
\c@ead=\count196
\c@author=\count197
\@eadauthor=\toks17
\c@affn=\count198
\absbox=\box50
\keybox=\box51
\Columnwidth=\dimen142
\space@left=\dimen143
\els@boxa=\box52
\els@boxb=\box53
\leftMargin=\dimen144
\@enLab=\toks18
\@sep=\skip49
\@@sep=\skip50
 (./agl_dcsl.spl)
(/usr/share/texlive/texmf-dist/tex/latex/natbib/natbib.sty
Package: natbib 2010/09/13 8.31b (PWD, AO)
\bibhang=\skip51
\bibsep=\skip52
LaTeX Info: Redefining \cite on input line 694.
\c@NAT@ctr=\count199
)
\splwrite=\write3
\openout3 = `agl_dcsl.spl'.


(/usr/share/texlive/texmf-dist/tex/latex/geometry/geometry.sty
Package: geometry 2020/01/02 v5.9 Page Geometry

(/usr/share/texlive/texmf-dist/tex/generic/iftex/ifvtex.sty
Package: ifvtex 2019/10/25 v1.7 ifvtex legacy package. Use iftex instead.

(/usr/share/texlive/texmf-dist/tex/generic/iftex/iftex.sty
Package: iftex 2020/03/06 v1.0d TeX engine tests
))
\Gm@cnth=\count266
\Gm@cntv=\count267
\c@Gm@tempcnt=\count268
\Gm@bindingoffset=\dimen145
\Gm@wd@mp=\dimen146
\Gm@odd@mp=\dimen147
\Gm@even@mp=\dimen148
\Gm@layoutwidth=\dimen149
\Gm@layoutheight=\dimen150
\Gm@layouthoffset=\dimen151
\Gm@layoutvoffset=\dimen152
\Gm@dimlist=\toks19
))

LaTeX Warning: \include should only be used after \begin{document} on input lin
e 5.

(./resources/header.tex
(/usr/share/texlive/texmf-dist/tex/latex/base/inputenc.sty
Package: inputenc 2021/02/14 v1.3d Input encoding file
\inpenc@prehook=\toks20
\inpenc@posthook=\toks21
)
(/usr/share/texlive/texmf-dist/tex/latex/wrapfig/wrapfig.sty
\wrapoverhang=\dimen153
\WF@size=\dimen154
\c@WF@wrappedlines=\count269
\WF@box=\box54
\WF@everypar=\toks22
Package: wrapfig 2003/01/31  v 3.6
)
(/usr/share/texlive/texmf-dist/tex/latex/enumitem/enumitem.sty
Package: enumitem 2019/06/20 v3.9 Customized lists
\labelindent=\skip53
\enit@outerparindent=\dimen155
\enit@toks=\toks23
\enit@inbox=\box55
\enit@count@id=\count270
\enitdp@description=\count271
)
(/usr/share/texlive/texmf-dist/tex/latex/xcolor/xcolor.sty
Package: xcolor 2021/10/31 v2.13 LaTeX color extensions (UK)

(/usr/share/texlive/texmf-dist/tex/latex/graphics-cfg/color.cfg
File: color.cfg 2016/01/02 v1.6 sample color configuration
)
Package xcolor Info: Driver file: pdftex.def on input line 227.
Package xcolor Info: Model `cmy' substituted by `cmy0' on input line 1352.
Package xcolor Info: Model `hsb' substituted by `rgb' on input line 1356.
Package xcolor Info: Model `RGB' extended on input line 1368.
Package xcolor Info: Model `HTML' substituted by `rgb' on input line 1370.
Package xcolor Info: Model `Hsb' substituted by `hsb' on input line 1371.
Package xcolor Info: Model `tHsb' substituted by `hsb' on input line 1372.
Package xcolor Info: Model `HSB' substituted by `hsb' on input line 1373.
Package xcolor Info: Model `Gray' substituted by `gray' on input line 1374.
Package xcolor Info: Model `wave' substituted by `hsb' on input line 1375.
)
(/usr/share/texlive/texmf-dist/tex/latex/colortbl/colortbl.sty
Package: colortbl 2020/01/04 v1.0e Color table columns (DPC)

(/usr/share/texlive/texmf-dist/tex/latex/tools/array.sty
Package: array 2021/10/04 v2.5f Tabular extension package (FMi)
\col@sep=\dimen156
\ar@mcellbox=\box56
\extrarowheight=\dimen157
\NC@list=\toks24
\extratabsurround=\skip54
\backup@length=\skip55
\ar@cellbox=\box57
)
\everycr=\toks25
\minrowclearance=\skip56
)
(/usr/share/texlive/texmf-dist/tex/latex/amscls/amsthm.sty
Package: amsthm 2020/05/29 v2.20.6
\thm@style=\toks26
\thm@bodyfont=\toks27
\thm@headfont=\toks28
\thm@notefont=\toks29
\thm@headpunct=\toks30
\thm@preskip=\skip57
\thm@postskip=\skip58
\thm@headsep=\skip59
\dth@everypar=\toks31
LaTeX Info: Redefining \qed on input line 273.
) (./myalgorithm.sty

LaTeX Warning: You have requested package `myalgorithm',
               but the package provides `algorithm'.

Package: algorithm 
Document Style `algorithm' - floating environment
(/usr/share/texlive/texmf-dist/tex/latex/float/float.sty
Package: float 2001/11/08 v1.3d Float enhancements (AL)
\c@float@type=\count272
\float@exts=\toks32
\float@box=\box58
\@float@everytoks=\toks33
\@floatcapt=\box59
)
(/usr/share/texlive/texmf-dist/tex/latex/base/ifthen.sty
Package: ifthen 2020/11/24 v1.1c Standard LaTeX ifthen package (DPC)
)
\@float@every@algorithm=\toks34
\c@algorithm=\count273
) (./myalgorithmic.sty
Package: myalgorithmic 2006/06/02
Document Style `algorithmic' - environment
(/usr/share/texlive/texmf-dist/tex/latex/tools/calc.sty
Package: calc 2017/05/25 v4.3 Infix arithmetic (KKT,FJ)
\calc@Acount=\count274
\calc@Bcount=\count275
\calc@Adimen=\dimen158
\calc@Bdimen=\dimen159
\calc@Askip=\skip60
\calc@Bskip=\skip61
LaTeX Info: Redefining \setlength on input line 80.
LaTeX Info: Redefining \addtolength on input line 81.
\calc@Ccount=\count276
\calc@Cskip=\skip62
)
\c@ALC@line=\count277
\c@ALC@rem=\count278
\c@ALC@depth=\count279
\ALC@tlm=\skip63
\algorithmicindent=\skip64
)
(/usr/share/texlive/texmf-dist/tex/latex/hyperref/hyperref.sty
Package: hyperref 2021-06-07 v7.00m Hypertext links for LaTeX

(/usr/share/texlive/texmf-dist/tex/generic/ltxcmds/ltxcmds.sty
Package: ltxcmds 2020-05-10 v1.25 LaTeX kernel commands for general use (HO)
)
(/usr/share/texlive/texmf-dist/tex/generic/pdftexcmds/pdftexcmds.sty
Package: pdftexcmds 2020-06-27 v0.33 Utility functions of pdfTeX for LuaTeX (HO
)

(/usr/share/texlive/texmf-dist/tex/generic/infwarerr/infwarerr.sty
Package: infwarerr 2019/12/03 v1.5 Providing info/warning/error messages (HO)
)
Package pdftexcmds Info: \pdf@primitive is available.
Package pdftexcmds Info: \pdf@ifprimitive is available.
Package pdftexcmds Info: \pdfdraftmode found.
)
(/usr/share/texlive/texmf-dist/tex/generic/kvsetkeys/kvsetkeys.sty
Package: kvsetkeys 2019/12/15 v1.18 Key value parser (HO)
)
(/usr/share/texlive/texmf-dist/tex/generic/kvdefinekeys/kvdefinekeys.sty
Package: kvdefinekeys 2019-12-19 v1.6 Define keys (HO)
)
(/usr/share/texlive/texmf-dist/tex/generic/pdfescape/pdfescape.sty
Package: pdfescape 2019/12/09 v1.15 Implements pdfTeX's escape features (HO)
)
(/usr/share/texlive/texmf-dist/tex/latex/hycolor/hycolor.sty
Package: hycolor 2020-01-27 v1.10 Color options for hyperref/bookmark (HO)
)
(/usr/share/texlive/texmf-dist/tex/latex/letltxmacro/letltxmacro.sty
Package: letltxmacro 2019/12/03 v1.6 Let assignment for LaTeX macros (HO)
)
(/usr/share/texlive/texmf-dist/tex/latex/auxhook/auxhook.sty
Package: auxhook 2019-12-17 v1.6 Hooks for auxiliary files (HO)
)
(/usr/share/texlive/texmf-dist/tex/latex/kvoptions/kvoptions.sty
Package: kvoptions 2020-10-07 v3.14 Key value format for package options (HO)
)
\@linkdim=\dimen160
\Hy@linkcounter=\count280
\Hy@pagecounter=\count281

(/usr/share/texlive/texmf-dist/tex/latex/hyperref/pd1enc.def
File: pd1enc.def 2021-06-07 v7.00m Hyperref: PDFDocEncoding definition (HO)
Now handling font encoding PD1 ...
... no UTF-8 mapping file for font encoding PD1
)
(/usr/share/texlive/texmf-dist/tex/latex/hyperref/hyperref-langpatches.def
File: hyperref-langpatches.def 2021-06-07 v7.00m Hyperref: patches for babel la
nguages
)
(/usr/share/texlive/texmf-dist/tex/generic/intcalc/intcalc.sty
Package: intcalc 2019/12/15 v1.3 Expandable calculations with integers (HO)
)
(/usr/share/texlive/texmf-dist/tex/generic/etexcmds/etexcmds.sty
Package: etexcmds 2019/12/15 v1.7 Avoid name clashes with e-TeX commands (HO)
)
\Hy@SavedSpaceFactor=\count282

(/usr/share/texlive/texmf-dist/tex/latex/hyperref/puenc.def
File: puenc.def 2021-06-07 v7.00m Hyperref: PDF Unicode definition (HO)
Now handling font encoding PU ...
... no UTF-8 mapping file for font encoding PU
)
Package hyperref Info: Option `bookmarks' set `true' on input line 4073.
Package hyperref Info: Option `unicode' set `true' on input line 4073.
Package hyperref Info: Option `colorlinks' set `true' on input line 4073.
Package hyperref Info: Hyper figures OFF on input line 4192.
Package hyperref Info: Link nesting OFF on input line 4197.
Package hyperref Info: Hyper index ON on input line 4200.
Package hyperref Info: Plain pages OFF on input line 4207.
Package hyperref Info: Backreferencing OFF on input line 4212.
Package hyperref Info: Implicit mode ON; LaTeX internals redefined.
Package hyperref Info: Bookmarks ON on input line 4445.
\c@Hy@tempcnt=\count283

(/usr/share/texlive/texmf-dist/tex/latex/url/url.sty
\Urlmuskip=\muskip16
Package: url 2013/09/16  ver 3.4  Verb mode for urls, etc.
)
LaTeX Info: Redefining \url on input line 4804.
\XeTeXLinkMargin=\dimen161

(/usr/share/texlive/texmf-dist/tex/generic/bitset/bitset.sty
Package: bitset 2019/12/09 v1.3 Handle bit-vector datatype (HO)

(/usr/share/texlive/texmf-dist/tex/generic/bigintcalc/bigintcalc.sty
Package: bigintcalc 2019/12/15 v1.5 Expandable calculations on big integers (HO
)
))
\Fld@menulength=\count284
\Field@Width=\dimen162
\Fld@charsize=\dimen163
Package hyperref Info: Hyper figures OFF on input line 6076.
Package hyperref Info: Link nesting OFF on input line 6081.
Package hyperref Info: Hyper index ON on input line 6084.
Package hyperref Info: backreferencing OFF on input line 6091.
Package hyperref Info: Link coloring ON on input line 6094.
Package hyperref Info: Link coloring with OCG OFF on input line 6101.
Package hyperref Info: PDF/A mode OFF on input line 6106.
LaTeX Info: Redefining \ref on input line 6146.
LaTeX Info: Redefining \pageref on input line 6150.

(/usr/share/texlive/texmf-dist/tex/latex/base/atbegshi-ltx.sty
Package: atbegshi-ltx 2021/01/10 v1.0c Emulation of the original atbegshi
package with kernel methods
)
\Hy@abspage=\count285
\c@Item=\count286
\c@Hfootnote=\count287
)
Package hyperref Info: Driver (autodetected): hpdftex.

(/usr/share/texlive/texmf-dist/tex/latex/hyperref/hpdftex.def
File: hpdftex.def 2021-06-07 v7.00m Hyperref driver for pdfTeX

(/usr/share/texlive/texmf-dist/tex/latex/base/atveryend-ltx.sty
Package: atveryend-ltx 2020/08/19 v1.0a Emulation of the original atveryend pac
kage
with kernel methods
)
\Fld@listcount=\count288
\c@bookmark@seq@number=\count289

(/usr/share/texlive/texmf-dist/tex/latex/rerunfilecheck/rerunfilecheck.sty
Package: rerunfilecheck 2019/12/05 v1.9 Rerun checks for auxiliary files (HO)

(/usr/share/texlive/texmf-dist/tex/generic/uniquecounter/uniquecounter.sty
Package: uniquecounter 2019/12/15 v1.4 Provide unlimited unique counter (HO)
)
Package uniquecounter Info: New unique counter `rerunfilecheck' on input line 2
86.
)
\Hy@SectionHShift=\skip65
)
\c@propno=\count290
\c@mruleno=\count291
\c@definition=\count292
\c@propos=\count293
\c@example=\count294
\c@theorem=\count295
\c@lemma=\count296
)
(/usr/share/texlive/texmf-dist/tex/latex/amsfonts/amssymb.sty
Package: amssymb 2013/01/14 v3.01 AMS font symbols

(/usr/share/texlive/texmf-dist/tex/latex/amsfonts/amsfonts.sty
Package: amsfonts 2013/01/14 v3.01 Basic AMSFonts support
\@emptytoks=\toks35
\symAMSa=\mathgroup4
\symAMSb=\mathgroup5
LaTeX Font Info:    Redeclaring math symbol \hbar on input line 98.
LaTeX Font Info:    Overwriting math alphabet `\mathfrak' in version `bold'
(Font)                  U/euf/m/n --> U/euf/b/n on input line 106.
))

LaTeX Warning: \include should only be used after \begin{document} on input lin
e 11.

(./resources/headercommon.tex
(/usr/share/texlive/texmf-dist/tex/latex/tools/xspace.sty
Package: xspace 2014/10/28 v1.13 Space after command names (DPC,MH)
))

LaTeX Warning: \include should only be used after \begin{document} on input lin
e 16.

(./resources/headeroop.tex)

LaTeX Warning: \include should only be used after \begin{document} on input lin
e 19.

(./resources/headerdrawing.tex)
(/usr/share/texlive/texmf-dist/tex/latex/listings/listings.sty
\lst@mode=\count297
\lst@gtempboxa=\box60
\lst@token=\toks36
\lst@length=\count298
\lst@currlwidth=\dimen164
\lst@column=\count299
\lst@pos=\count300
\lst@lostspace=\dimen165
\lst@width=\dimen166
\lst@newlines=\count301
\lst@lineno=\count302
\lst@maxwidth=\dimen167

(/usr/share/texlive/texmf-dist/tex/latex/listings/lstmisc.sty
File: lstmisc.sty 2020/03/24 1.8d (Carsten Heinz)
\c@lstnumber=\count303
\lst@skipnumbers=\count304
\lst@framebox=\box61
)
(/usr/share/texlive/texmf-dist/tex/latex/listings/listings.cfg
File: listings.cfg 2020/03/24 1.8d listings configuration
))
Package: listings 2020/03/24 1.8d (Carsten Heinz)


LaTeX Warning: \include should only be used after \begin{document} on input lin
e 25.

(./resources/header-javacodelisting.tex
(/usr/share/texmf/tex/latex/lm/lmodern.sty
Package: lmodern 2009/10/30 v1.6 Latin Modern Fonts
LaTeX Font Info:    Overwriting symbol font `operators' in version `normal'
(Font)                  OT1/cmr/m/n --> OT1/lmr/m/n on input line 22.
LaTeX Font Info:    Overwriting symbol font `letters' in version `normal'
(Font)                  OML/cmm/m/it --> OML/lmm/m/it on input line 23.
LaTeX Font Info:    Overwriting symbol font `symbols' in version `normal'
(Font)                  OMS/cmsy/m/n --> OMS/lmsy/m/n on input line 24.
LaTeX Font Info:    Overwriting symbol font `largesymbols' in version `normal'
(Font)                  OMX/cmex/m/n --> OMX/lmex/m/n on input line 25.
LaTeX Font Info:    Overwriting symbol font `operators' in version `bold'
(Font)                  OT1/cmr/bx/n --> OT1/lmr/bx/n on input line 26.
LaTeX Font Info:    Overwriting symbol font `letters' in version `bold'
(Font)                  OML/cmm/b/it --> OML/lmm/b/it on input line 27.
LaTeX Font Info:    Overwriting symbol font `symbols' in version `bold'
(Font)                  OMS/cmsy/b/n --> OMS/lmsy/b/n on input line 28.
LaTeX Font Info:    Overwriting symbol font `largesymbols' in version `bold'
(Font)                  OMX/cmex/m/n --> OMX/lmex/m/n on input line 29.
LaTeX Font Info:    Overwriting math alphabet `\mathbf' in version `normal'
(Font)                  OT1/cmr/bx/n --> OT1/lmr/bx/n on input line 31.
LaTeX Font Info:    Overwriting math alphabet `\mathsf' in version `normal'
(Font)                  OT1/cmss/m/n --> OT1/lmss/m/n on input line 32.
LaTeX Font Info:    Overwriting math alphabet `\mathit' in version `normal'
(Font)                  OT1/cmr/m/it --> OT1/lmr/m/it on input line 33.
LaTeX Font Info:    Overwriting math alphabet `\mathtt' in version `normal'
(Font)                  OT1/cmtt/m/n --> OT1/lmtt/m/n on input line 34.
LaTeX Font Info:    Overwriting math alphabet `\mathbf' in version `bold'
(Font)                  OT1/cmr/bx/n --> OT1/lmr/bx/n on input line 35.
LaTeX Font Info:    Overwriting math alphabet `\mathsf' in version `bold'
(Font)                  OT1/cmss/bx/n --> OT1/lmss/bx/n on input line 36.
LaTeX Font Info:    Overwriting math alphabet `\mathit' in version `bold'
(Font)                  OT1/cmr/bx/it --> OT1/lmr/bx/it on input line 37.
LaTeX Font Info:    Overwriting math alphabet `\mathtt' in version `bold'
(Font)                  OT1/cmtt/m/n --> OT1/lmtt/m/n on input line 38.
)
(/usr/share/texlive/texmf-dist/tex/latex/base/fontenc.sty
Package: fontenc 2021/04/29 v2.0v Standard LaTeX package
LaTeX Font Info:    Trying to load font information for T1+lmr on input line 11
2.

(/usr/share/texmf/tex/latex/lm/t1lmr.fd
File: t1lmr.fd 2009/10/30 v1.6 Font defs for Latin Modern
)))
(/usr/share/texlive/texmf-dist/tex/latex/l3backend/l3backend-pdftex.def
File: l3backend-pdftex.def 2022-01-12 L3 backend support: PDF output (pdfTeX)
\l__color_backend_stack_int=\count305
\l__pdf_internal_box=\box62
)
(./agl_dcsl.aux)
\openout1 = `agl_dcsl.aux'.

LaTeX Font Info:    Checking defaults for OML/cmm/m/it on input line 34.
LaTeX Font Info:    ... okay on input line 34.
LaTeX Font Info:    Checking defaults for OMS/cmsy/m/n on input line 34.
LaTeX Font Info:    ... okay on input line 34.
LaTeX Font Info:    Checking defaults for OT1/cmr/m/n on input line 34.
LaTeX Font Info:    ... okay on input line 34.
LaTeX Font Info:    Checking defaults for T1/cmr/m/n on input line 34.
LaTeX Font Info:    ... okay on input line 34.
LaTeX Font Info:    Checking defaults for TS1/cmr/m/n on input line 34.
LaTeX Font Info:    ... okay on input line 34.
LaTeX Font Info:    Checking defaults for OMX/cmex/m/n on input line 34.
LaTeX Font Info:    ... okay on input line 34.
LaTeX Font Info:    Checking defaults for U/cmr/m/n on input line 34.
LaTeX Font Info:    ... okay on input line 34.
LaTeX Font Info:    Checking defaults for PD1/pdf/m/n on input line 34.
LaTeX Font Info:    ... okay on input line 34.
LaTeX Font Info:    Checking defaults for PU/pdf/m/n on input line 34.
LaTeX Font Info:    ... okay on input line 34.

(/usr/share/texlive/texmf-dist/tex/context/base/mkii/supp-pdf.mkii
[Loading MPS to PDF converter (version 2006.09.02).]
\scratchcounter=\count306
\scratchdimen=\dimen168
\scratchbox=\box63
\nofMPsegments=\count307
\nofMParguments=\count308
\everyMPshowfont=\toks37
\MPscratchCnt=\count309
\MPscratchDim=\dimen169
\MPnumerator=\count310
\makeMPintoPDFobject=\count311
\everyMPtoPDFconversion=\toks38
) (/usr/share/texlive/texmf-dist/tex/latex/epstopdf-pkg/epstopdf-base.sty
Package: epstopdf-base 2020-01-24 v2.11 Base part for package epstopdf

(/usr/share/texlive/texmf-dist/tex/latex/grfext/grfext.sty
Package: grfext 2019/12/03 v1.3 Manage graphics extensions (HO)
)
Package epstopdf-base Info: Redefining graphics rule for `.eps' on input line 4
85.
Package grfext Info: Graphics extension search list:
(grfext)             [.png,.jpg,.pdf,.eps]
(grfext)             \AppendGraphicsExtensions on input line 504.

(/usr/share/texlive/texmf-dist/tex/latex/latexconfig/epstopdf-sys.cfg
File: epstopdf-sys.cfg 2010/07/13 v1.3 Configuration of (r)epstopdf for TeX Liv
e
))
*geometry* driver: auto-detecting
*geometry* detected driver: pdftex
*geometry* verbose mode - [ preamble ] result:
* driver: pdftex
* paper: custom
* layout: <same size as paper>
* layoutoffset:(h,v)=(0.0pt,0.0pt)
* hratio: 1:1
* vratio: 1:1
* modes: 
* h-part:(L,W,R)=(64.75394pt, 468.0pt, 64.75394pt)
* v-part:(T,H,B)=(111.52342pt, 622.0pt, 111.52342pt)
* \paperwidth=597.50787pt
* \paperheight=845.04684pt
* \textwidth=468.0pt
* \textheight=622.0pt
* \oddsidemargin=-7.51605pt
* \evensidemargin=-7.51605pt
* \topmargin=-22.74657pt
* \headheight=50.0pt
* \headsep=12.0pt
* \topskip=10.0pt
* \footskip=18.0pt
* \marginparwidth=65.0pt
* \marginparsep=11.0pt
* \columnsep=24.0pt
* \skip\footins=24.0pt plus 2.0pt minus 12.0pt
* \hoffset=0.0pt
* \voffset=0.0pt
* \mag=1000
* \@twocolumnfalse
* \@twosidefalse
* \@mparswitchfalse
* \@reversemarginfalse
* (1in=72.27pt=25.4mm, 1cm=28.453pt)

Package hyperref Info: Link coloring ON on input line 34.
(/usr/share/texlive/texmf-dist/tex/latex/hyperref/nameref.sty
Package: nameref 2021-04-02 v2.47 Cross-referencing by name of section

(/usr/share/texlive/texmf-dist/tex/latex/refcount/refcount.sty
Package: refcount 2019/12/15 v3.6 Data extraction from label references (HO)
)
(/usr/share/texlive/texmf-dist/tex/generic/gettitlestring/gettitlestring.sty
Package: gettitlestring 2019/12/15 v1.6 Cleanup title references (HO)
)
\c@section@level=\count312
)
LaTeX Info: Redefining \ref on input line 34.
LaTeX Info: Redefining \pageref on input line 34.
LaTeX Info: Redefining \nameref on input line 34.

(./agl_dcsl.out) (./agl_dcsl.out)
\@outlinefile=\write4
\openout4 = `agl_dcsl.out'.

\c@lstlisting=\count313
 (./contents/abstract.tex)
LaTeX Font Info:    Trying to load font information for OT1+lmr on input line 7
2.

(/usr/share/texmf/tex/latex/lm/ot1lmr.fd
File: ot1lmr.fd 2009/10/30 v1.6 Font defs for Latin Modern
)
LaTeX Font Info:    Trying to load font information for OML+lmm on input line 7
2.

(/usr/share/texmf/tex/latex/lm/omllmm.fd
File: omllmm.fd 2009/10/30 v1.6 Font defs for Latin Modern
)
LaTeX Font Info:    Trying to load font information for OMS+lmsy on input line 
72.

(/usr/share/texmf/tex/latex/lm/omslmsy.fd
File: omslmsy.fd 2009/10/30 v1.6 Font defs for Latin Modern
)
LaTeX Font Info:    Trying to load font information for OMX+lmex on input line 
72.

(/usr/share/texmf/tex/latex/lm/omxlmex.fd
File: omxlmex.fd 2009/10/30 v1.6 Font defs for Latin Modern
)
LaTeX Font Info:    External font `lmex10' loaded for size
(Font)              <10> on input line 72.
LaTeX Font Info:    External font `lmex10' loaded for size
(Font)              <7> on input line 72.
LaTeX Font Info:    External font `lmex10' loaded for size
(Font)              <5> on input line 72.
LaTeX Font Info:    Trying to load font information for U+msa on input line 72.


(/usr/share/texlive/texmf-dist/tex/latex/amsfonts/umsa.fd
File: umsa.fd 2013/01/14 v3.01 AMS symbols A
)
LaTeX Font Info:    Trying to load font information for U+msb on input line 72.


(/usr/share/texlive/texmf-dist/tex/latex/amsfonts/umsb.fd
File: umsb.fd 2013/01/14 v3.01 AMS symbols B
)
LaTeX Font Info:    External font `lmex10' loaded for size
(Font)              <8> on input line 72.
LaTeX Font Info:    External font `lmex10' loaded for size
(Font)              <6> on input line 72.
LaTeX Font Info:    Trying to load font information for T1+lmtt on input line 7
2.

(/usr/share/texmf/tex/latex/lm/t1lmtt.fd
File: t1lmtt.fd 2009/10/30 v1.6 Font defs for Latin Modern
) (./contents/introduction.tex [1

{/var/lib/texmf/fonts/map/pdftex/updmap/pdftex.map}]
LaTeX Font Info:    Trying to load font information for TS1+lmr on input line 3
3.

(/usr/share/texmf/tex/latex/lm/ts1lmr.fd
File: ts1lmr.fd 2009/10/30 v1.6 Font defs for Latin Modern
)) (./contents/background.tex
Package epstopdf Info: Source file: <images//motivating-example.eps>
(epstopdf)                    date: 2022-07-31 05:39:20
(epstopdf)                    size: 365745 bytes
(epstopdf)             Output file: <images//motivating-example-eps-converted-t
o.pdf>
(epstopdf)                    date: 2022-07-31 05:40:26
(epstopdf)                    size: 169772 bytes
(epstopdf)             Command: <repstopdf --outfile=images//motivating-example
-eps-converted-to.pdf images//motivating-example.eps>
(epstopdf)             \includegraphics on input line 24.
Package epstopdf Info: Output file is already uptodate.
<images//motivating-example-eps-converted-to.pdf, id=241, 1343.0175pt x 811.03p
t>
File: images//motivating-example-eps-converted-to.pdf Graphic file (type pdf)
<use images//motivating-example-eps-converted-to.pdf>
Package pdftex.def Info: images//motivating-example-eps-converted-to.pdf  used 
on input line 24.
(pdftex.def)             Requested size: 376.04234pt x 227.08685pt.
LaTeX Font Info:    Trying to load font information for OT1+lmtt on input line 
30.

(/usr/share/texmf/tex/latex/lm/ot1lmtt.fd
File: ot1lmtt.fd 2009/10/30 v1.6 Font defs for Latin Modern
) [2]
LaTeX Font Info:    Font shape `T1/lmtt/bx/n' in size <8> not available
(Font)              Font shape `T1/lmtt/b/n' tried instead on input line 45.
 [3 <./images//motivating-example-eps-converted-to.pdf>]
Package epstopdf Info: Source file: <images//motivating-example2.eps>
(epstopdf)                    date: 2022-07-31 05:39:20
(epstopdf)                    size: 181791 bytes
(epstopdf)             Output file: <images//motivating-example2-eps-converted-
to.pdf>
(epstopdf)                    date: 2022-07-31 05:40:27
(epstopdf)                    size: 92547 bytes
(epstopdf)             Command: <repstopdf --outfile=images//motivating-example
2-eps-converted-to.pdf images//motivating-example2.eps>
(epstopdf)             \includegraphics on input line 63.
Package epstopdf Info: Output file is already uptodate.
<images//motivating-example2-eps-converted-to.pdf, id=279, 1227.58624pt x 731.7
3375pt>
File: images//motivating-example2-eps-converted-to.pdf Graphic file (type pdf)
<use images//motivating-example2-eps-converted-to.pdf>
Package pdftex.def Info: images//motivating-example2-eps-converted-to.pdf  used
 on input line 63.
(pdftex.def)             Requested size: 429.66162pt x 256.11064pt.


LaTeX Font Warning: Font shape `T1/lmr/m/scit' undefined
(Font)              using `T1/lmr/m/scsl' instead on input line 85.


LaTeX Font Warning: Font shape `T1/lmr/bx/sc' undefined
(Font)              using `T1/lmr/bx/n' instead on input line 102.

[4 <./images//motivating-example2-eps-converted-to.pdf>]
Package epstopdf Info: Source file: <images//dcsl-model-courseman.eps>
(epstopdf)                    date: 2022-07-31 05:39:20
(epstopdf)                    size: 445918 bytes
(epstopdf)             Output file: <images//dcsl-model-courseman-eps-converted
-to.pdf>
(epstopdf)                    date: 2022-07-31 05:39:20
(epstopdf)                    size: 202410 bytes
(epstopdf)             Command: <repstopdf --outfile=images//dcsl-model-coursem
an-eps-converted-to.pdf images//dcsl-model-courseman.eps>
(epstopdf)             \includegraphics on input line 116.
Package epstopdf Info: Output file is already uptodate.
<images//dcsl-model-courseman-eps-converted-to.pdf, id=298, 1216.545pt x 681.54
625pt>
File: images//dcsl-model-courseman-eps-converted-to.pdf Graphic file (type pdf)

<use images//dcsl-model-courseman-eps-converted-to.pdf>
Package pdftex.def Info: images//dcsl-model-courseman-eps-converted-to.pdf  use
d on input line 116.
(pdftex.def)             Requested size: 425.79713pt x 238.54475pt.
 [5 <./images//dcsl-model-courseman-eps-converted-to.pdf>]
Package epstopdf Info: Source file: <images//sw-arch/arch-model-courseman.eps>
(epstopdf)                    date: 2022-07-31 05:39:20
(epstopdf)                    size: 198098 bytes
(epstopdf)             Output file: <images//sw-arch/arch-model-courseman-eps-c
onverted-to.pdf>
(epstopdf)                    date: 2022-07-31 05:39:20
(epstopdf)                    size: 96618 bytes
(epstopdf)             Command: <repstopdf --outfile=images//sw-arch/arch-model
-courseman-eps-converted-to.pdf images//sw-arch/arch-model-courseman.eps>
(epstopdf)             \includegraphics on input line 141.
Package epstopdf Info: Output file is already uptodate.


pdfTeX warning: /usr/bin/pdflatex (file ./images//sw-arch/arch-model-courseman-
eps-converted-to.pdf): PDF inclusion: found PDF version <1.7>, but at most vers
ion <1.5> allowed
<images//sw-arch/arch-model-courseman-eps-converted-to.pdf, id=323, 972.63374pt
 x 575.14874pt>
File: images//sw-arch/arch-model-courseman-eps-converted-to.pdf Graphic file (t
ype pdf)
<use images//sw-arch/arch-model-courseman-eps-converted-to.pdf>
Package pdftex.def Info: images//sw-arch/arch-model-courseman-eps-converted-to.
pdf  used on input line 141.
(pdftex.def)             Requested size: 320.97012pt x 189.79967pt.
[6]) (./contents/domainBehavior.tex
Package epstopdf Info: Source file: <images//method-overview.eps>
(epstopdf)                    date: 2022-07-31 05:39:20
(epstopdf)                    size: 227942 bytes
(epstopdf)             Output file: <images//method-overview-eps-converted-to.p
df>
(epstopdf)                    date: 2022-07-31 05:39:20
(epstopdf)                    size: 89252 bytes
(epstopdf)             Command: <repstopdf --outfile=images//method-overview-ep
s-converted-to.pdf images//method-overview.eps>
(epstopdf)             \includegraphics on input line 15.
Package epstopdf Info: Output file is already uptodate.


pdfTeX warning: /usr/bin/pdflatex (file ./images//method-overview-eps-converted
-to.pdf): PDF inclusion: found PDF version <1.7>, but at most version <1.5> all
owed
<images//method-overview-eps-converted-to.pdf, id=340, 845.1575pt x 594.22pt>
File: images//method-overview-eps-converted-to.pdf Graphic file (type pdf)
<use images//method-overview-eps-converted-to.pdf>
Package pdftex.def Info: images//method-overview-eps-converted-to.pdf  used on 
input line 15.
(pdftex.def)             Requested size: 312.70338pt x 219.85796pt.
[7 <./images//sw-arch/arch-model-courseman-eps-converted-to.pdf>] [8 <./images/
/method-overview-eps-converted-to.pdf>]

LaTeX Font Warning: Font shape `T1/lmr/m/scit' undefined
(Font)              using `T1/lmr/m/scsl' instead on input line 65.


Overfull \hbox (6.18755pt too wide) in paragraph at lines 69--70
[]\T1/lmr/m/it/10 let $\OML/lmm/m/it/10 c[]; [] ; c[] \OMS/lmsy/m/n/10 2 f\OML/
lmm/m/it/10 c[]; [] ; c[]\OMS/lmsy/m/n/10 g$ \T1/lmr/m/it/10 re-al-ize the non-
decision and non-join com-po-nent classes, then $\OML/lmm/m/it/10 c[]; c[]; [] 
; c[]$
 []

Package epstopdf Info: Source file: <images//unified-model-example.eps>
(epstopdf)                    date: 2022-07-31 05:39:20
(epstopdf)                    size: 300726 bytes
(epstopdf)             Output file: <images//unified-model-example-eps-converte
d-to.pdf>
(epstopdf)                    date: 2022-07-31 05:39:20
(epstopdf)                    size: 149219 bytes
(epstopdf)             Command: <repstopdf --outfile=images//unified-model-exam
ple-eps-converted-to.pdf images//unified-model-example.eps>
(epstopdf)             \includegraphics on input line 80.
Package epstopdf Info: Output file is already uptodate.


pdfTeX warning: /usr/bin/pdflatex (file ./images//unified-model-example-eps-con
verted-to.pdf): PDF inclusion: found PDF version <1.7>, but at most version <1.
5> allowed
<images//unified-model-example-eps-converted-to.pdf, id=366, 1231.60126pt x 851
.18pt>
File: images//unified-model-example-eps-converted-to.pdf Graphic file (type pdf
)
<use images//unified-model-example-eps-converted-to.pdf>
Package pdftex.def Info: images//unified-model-example-eps-converted-to.pdf  us
ed on input line 80.
(pdftex.def)             Requested size: 344.846pt x 238.32877pt.
) (./contents/moduleactions.tex [9] [10 <./images//unified-model-example-eps-co
nverted-to.pdf>] [11]
Overfull \hbox (1.53456pt too wide) in paragraph at lines 105--106
[][]\T1/lmr/bx/n/10 Definition 4. []\T1/lmr/m/it/10 An \T1/lmr/bx/it/10 atomic 
ac-tion se-quence \T1/lmr/m/it/10 (\T1/lmr/bx/it/10 ASE\T1/lmr/m/it/10 ) $\OML/
lmm/m/it/10 S \OT1/lmr/m/n/10 = (\OML/lmm/m/it/10 a[]; [] ; a[]\OT1/lmr/m/n/10 
)$ \T1/lmr/m/it/10 is a mod-ule ac-tion iff $\OML/lmm/m/it/10 a[]:[] \OMS/lmsy/
m/n/10 ^^R
 []

Package epstopdf Info: Source file: <images//ase-example.eps>
(epstopdf)                    date: 2022-07-31 05:39:20
(epstopdf)                    size: 47366 bytes
(epstopdf)             Output file: <images//ase-example-eps-converted-to.pdf>
(epstopdf)                    date: 2022-07-31 05:39:20
(epstopdf)                    size: 24644 bytes
(epstopdf)             Command: <repstopdf --outfile=images//ase-example-eps-co
nverted-to.pdf images//ase-example.eps>
(epstopdf)             \includegraphics on input line 121.
Package epstopdf Info: Output file is already uptodate.


pdfTeX warning: /usr/bin/pdflatex (file ./images//ase-example-eps-converted-to.
pdf): PDF inclusion: found PDF version <1.7>, but at most version <1.5> allowed

<images//ase-example-eps-converted-to.pdf, id=412, 282.05376pt x 508.90125pt>
File: images//ase-example-eps-converted-to.pdf Graphic file (type pdf)
<use images//ase-example-eps-converted-to.pdf>
Package pdftex.def Info: images//ase-example-eps-converted-to.pdf  used on inpu
t line 121.
(pdftex.def)             Requested size: 98.72028pt x 178.1181pt.
[12] [13 <./images//ase-example-eps-converted-to.pdf>]
Package epstopdf Info: Source file: <images//statemachine-example.eps>
(epstopdf)                    date: 2022-07-31 05:39:20
(epstopdf)                    size: 82739 bytes
(epstopdf)             Output file: <images//statemachine-example-eps-converted
-to.pdf>
(epstopdf)                    date: 2022-07-31 05:40:27
(epstopdf)                    size: 68510 bytes
(epstopdf)             Command: <repstopdf --outfile=images//statemachine-examp
le-eps-converted-to.pdf images//statemachine-example.eps>
(epstopdf)             \includegraphics on input line 216.
Package epstopdf Info: Output file is already uptodate.
<images//statemachine-example-eps-converted-to.pdf, id=440, 531.9875pt x 341.27
5pt>
File: images//statemachine-example-eps-converted-to.pdf Graphic file (type pdf)

<use images//statemachine-example-eps-converted-to.pdf>
Package pdftex.def Info: images//statemachine-example-eps-converted-to.pdf  use
d on input line 216.
(pdftex.def)             Requested size: 212.79123pt x 136.50757pt.
 [14]
Package epstopdf Info: Source file: <images//case-study/sequential-form.eps>
(epstopdf)                    date: 2022-07-31 05:39:20
(epstopdf)                    size: 520937 bytes
(epstopdf)             Output file: <images//case-study/sequential-form-eps-con
verted-to.pdf>
(epstopdf)                    date: 2022-07-31 05:39:20
(epstopdf)                    size: 241761 bytes
(epstopdf)             Command: <repstopdf --outfile=images//case-study/sequent
ial-form-eps-converted-to.pdf images//case-study/sequential-form.eps>
(epstopdf)             \includegraphics on input line 249.
Package epstopdf Info: Output file is already uptodate.


pdfTeX warning: /usr/bin/pdflatex (file ./images//case-study/sequential-form-ep
s-converted-to.pdf): PDF inclusion: found PDF version <1.7>, but at most versio
n <1.5> allowed
<images//case-study/sequential-form-eps-converted-to.pdf, id=457, 1369.115pt x 
725.71124pt>
File: images//case-study/sequential-form-eps-converted-to.pdf Graphic file (typ
e pdf)
<use images//case-study/sequential-form-eps-converted-to.pdf>
Package pdftex.def Info: images//case-study/sequential-form-eps-converted-to.pd
f  used on input line 249.
(pdftex.def)             Requested size: 451.80934pt x 239.48544pt.
Package epstopdf Info: Source file: <images//case-study/sequential-form-eg-gui.
eps>
(epstopdf)                    date: 2022-07-31 05:39:20
(epstopdf)                    size: 324825 bytes
(epstopdf)             Output file: <images//case-study/sequential-form-eg-gui-
eps-converted-to.pdf>
(epstopdf)                    date: 2022-07-31 05:39:20
(epstopdf)                    size: 33659 bytes
(epstopdf)             Command: <repstopdf --outfile=images//case-study/sequent
ial-form-eg-gui-eps-converted-to.pdf images//case-study/sequential-form-eg-gui.
eps>
(epstopdf)             \includegraphics on input line 257.
Package epstopdf Info: Output file is already uptodate.


pdfTeX warning: /usr/bin/pdflatex (file ./images//case-study/sequential-form-eg
-gui-eps-converted-to.pdf): PDF inclusion: found PDF version <1.7>, but at most
 version <1.5> allowed
<images//case-study/sequential-form-eg-gui-eps-converted-to.pdf, id=458, 899.36
pt x 310.15875pt>
File: images//case-study/sequential-form-eg-gui-eps-converted-to.pdf Graphic fi
le (type pdf)
<use images//case-study/sequential-form-eg-gui-eps-converted-to.pdf>
Package pdftex.def Info: images//case-study/sequential-form-eg-gui-eps-converte
d-to.pdf  used on input line 257.
(pdftex.def)             Requested size: 449.6789pt x 155.079pt.
[15 <./images//statemachine-example-eps-converted-to.pdf>]
Package epstopdf Info: Source file: <images//case-study/decisional-form.eps>
(epstopdf)                    date: 2022-07-31 05:39:20
(epstopdf)                    size: 916911 bytes
(epstopdf)             Output file: <images//case-study/decisional-form-eps-con
verted-to.pdf>
(epstopdf)                    date: 2022-07-31 05:39:20
(epstopdf)                    size: 406063 bytes
(epstopdf)             Command: <repstopdf --outfile=images//case-study/decisio
nal-form-eps-converted-to.pdf images//case-study/decisional-form.eps>
(epstopdf)             \includegraphics on input line 286.
Package epstopdf Info: Output file is already uptodate.


pdfTeX warning: /usr/bin/pdflatex (file ./images//case-study/decisional-form-ep
s-converted-to.pdf): PDF inclusion: found PDF version <1.7>, but at most versio
n <1.5> allowed
<images//case-study/decisional-form-eps-converted-to.pdf, id=474, 1877.0125pt x
 1149.29375pt>
File: images//case-study/decisional-form-eps-converted-to.pdf Graphic file (typ
e pdf)
<use images//case-study/decisional-form-eps-converted-to.pdf>
Package pdftex.def Info: images//case-study/decisional-form-eps-converted-to.pd
f  used on input line 286.
(pdftex.def)             Requested size: 469.25198pt x 287.32274pt.

Overfull \hbox (1.25198pt too wide) in paragraph at lines 285--287
 [] 
 []

Package epstopdf Info: Source file: <images//case-study/decisional-form-eg-gui.
eps>
(epstopdf)                    date: 2022-07-31 05:39:20
(epstopdf)                    size: 548759 bytes
(epstopdf)             Output file: <images//case-study/decisional-form-eg-gui-
eps-converted-to.pdf>
(epstopdf)                    date: 2022-07-31 05:39:20
(epstopdf)                    size: 60842 bytes
(epstopdf)             Command: <repstopdf --outfile=images//case-study/decisio
nal-form-eg-gui-eps-converted-to.pdf images//case-study/decisional-form-eg-gui.
eps>
(epstopdf)             \includegraphics on input line 295.
Package epstopdf Info: Output file is already uptodate.
<images//case-study/decisional-form-eg-gui-eps-converted-to.pdf, id=475, 1128.2
15pt x 328.22626pt>
File: images//case-study/decisional-form-eg-gui-eps-converted-to.pdf Graphic fi
le (type pdf)
<use images//case-study/decisional-form-eg-gui-eps-converted-to.pdf>
Package pdftex.def Info: images//case-study/decisional-form-eg-gui-eps-converte
d-to.pdf  used on input line 295.
(pdftex.def)             Requested size: 473.84708pt x 137.85408pt.

Overfull \hbox (5.84708pt too wide) in paragraph at lines 294--296
 [] 
 []

[16 <./images//case-study/sequential-form-eps-converted-to.pdf>]

LaTeX Warning: Reference `sect:unified-domain-modeling' on page 17 undefined on
 input line 309.

Package epstopdf Info: Source file: <images//case-study/forked-form.eps>
(epstopdf)                    date: 2022-07-31 05:39:20
(epstopdf)                    size: 890598 bytes
(epstopdf)             Output file: <images//case-study/forked-form-eps-convert
ed-to.pdf>
(epstopdf)                    date: 2022-07-31 05:39:20
(epstopdf)                    size: 393555 bytes
(epstopdf)             Command: <repstopdf --outfile=images//case-study/forked-
form-eps-converted-to.pdf images//case-study/forked-form.eps>
(epstopdf)             \includegraphics on input line 325.
Package epstopdf Info: Output file is already uptodate.


pdfTeX warning: /usr/bin/pdflatex (file ./images//case-study/forked-form-eps-co
nverted-to.pdf): PDF inclusion: found PDF version <1.7>, but at most version <1
.5> allowed
<images//case-study/forked-form-eps-converted-to.pdf, id=489, 1704.3675pt x 108
7.06125pt>
File: images//case-study/forked-form-eps-converted-to.pdf Graphic file (type pd
f)
<use images//case-study/forked-form-eps-converted-to.pdf>
Package pdftex.def Info: images//case-study/forked-form-eps-converted-to.pdf  u
sed on input line 325.
(pdftex.def)             Requested size: 477.21965pt x 304.37508pt.

Overfull \hbox (9.21965pt too wide) in paragraph at lines 324--326
 [] 
 []

Package epstopdf Info: Source file: <images//case-study/forked-form-eg-gui.eps>

(epstopdf)                    date: 2022-07-31 05:39:20
(epstopdf)                    size: 793386 bytes
(epstopdf)             Output file: <images//case-study/forked-form-eg-gui-eps-
converted-to.pdf>
(epstopdf)                    date: 2022-07-31 05:39:20
(epstopdf)                    size: 222959 bytes
(epstopdf)             Command: <repstopdf --outfile=images//case-study/forked-
form-eg-gui-eps-converted-to.pdf images//case-study/forked-form-eg-gui.eps>
(epstopdf)             \includegraphics on input line 334.
Package epstopdf Info: Output file is already uptodate.
<images//case-study/forked-form-eg-gui-eps-converted-to.pdf, id=490, 1263.72125
pt x 452.69125pt>
File: images//case-study/forked-form-eg-gui-eps-converted-to.pdf Graphic file (
type pdf)
<use images//case-study/forked-form-eg-gui-eps-converted-to.pdf>
Package pdftex.def Info: images//case-study/forked-form-eg-gui-eps-converted-to
.pdf  used on input line 334.
(pdftex.def)             Requested size: 467.56955pt x 167.49313pt.
[17 <./images//case-study/sequential-form-eg-gui-eps-converted-to.pdf>]
Package epstopdf Info: Source file: <images//case-study/joined-form.eps>
(epstopdf)                    date: 2022-07-31 05:39:20
(epstopdf)                    size: 855210 bytes
(epstopdf)             Output file: <images//case-study/joined-form-eps-convert
ed-to.pdf>
(epstopdf)                    date: 2022-07-31 05:39:20
(epstopdf)                    size: 378897 bytes
(epstopdf)             Command: <repstopdf --outfile=images//case-study/joined-
form-eps-converted-to.pdf images//case-study/joined-form.eps>
(epstopdf)             \includegraphics on input line 360.
Package epstopdf Info: Output file is already uptodate.


pdfTeX warning: /usr/bin/pdflatex (file ./images//case-study/joined-form-eps-co
nverted-to.pdf): PDF inclusion: found PDF version <1.7>, but at most version <1
.5> allowed
<images//case-study/joined-form-eps-converted-to.pdf, id=507, 1593.955pt x 1077
.02374pt>
File: images//case-study/joined-form-eps-converted-to.pdf Graphic file (type pd
f)
<use images//case-study/joined-form-eps-converted-to.pdf>
Package pdftex.def Info: images//case-study/joined-form-eps-converted-to.pdf  u
sed on input line 360.
(pdftex.def)             Requested size: 478.1902pt x 323.10962pt.

Overfull \hbox (10.1902pt too wide) in paragraph at lines 359--361
 [] 
 []

Package epstopdf Info: Source file: <images//case-study/joined-form-eg-gui.eps>

(epstopdf)                    date: 2022-07-31 05:39:20
(epstopdf)                    size: 745165 bytes
(epstopdf)             Output file: <images//case-study/joined-form-eg-gui-eps-
converted-to.pdf>
(epstopdf)                    date: 2022-07-31 05:39:20
(epstopdf)                    size: 140738 bytes
(epstopdf)             Command: <repstopdf --outfile=images//case-study/joined-
form-eg-gui-eps-converted-to.pdf images//case-study/joined-form-eg-gui.eps>
(epstopdf)             \includegraphics on input line 369.
Package epstopdf Info: Output file is already uptodate.
<images//case-study/joined-form-eg-gui-eps-converted-to.pdf, id=508, 1252.68pt 
x 407.5225pt>
File: images//case-study/joined-form-eg-gui-eps-converted-to.pdf Graphic file (
type pdf)
<use images//case-study/joined-form-eg-gui-eps-converted-to.pdf>
Package pdftex.def Info: images//case-study/joined-form-eg-gui-eps-converted-to
.pdf  used on input line 369.
(pdftex.def)             Requested size: 476.02335pt x 154.86015pt.

Overfull \hbox (8.02335pt too wide) in paragraph at lines 368--370
 [] 
 []

[18 <./images//case-study/decisional-form-eps-converted-to.pdf>]
Overfull \hbox (10.16864pt too wide) in paragraph at lines 382--384
[]\T1/lmr/m/n/10 In this ex-am-ple: $[]$ = $[]$, $\OML/lmm/m/it/10 n \OT1/lmr/m
/n/10 = 2$\T1/lmr/m/n/10 , $[]$ = $[]$, $[]$ = $[]$, $\OT1/lmtt/m/n/10 J$ \T1/l
mr/m/n/10 = $[]$,
 []

Package epstopdf Info: Source file: <images//case-study/merged-form.eps>
(epstopdf)                    date: 2022-07-31 05:39:20
(epstopdf)                    size: 886828 bytes
(epstopdf)             Output file: <images//case-study/merged-form-eps-convert
ed-to.pdf>
(epstopdf)                    date: 2022-07-31 05:39:20
(epstopdf)                    size: 396857 bytes
(epstopdf)             Command: <repstopdf --outfile=images//case-study/merged-
form-eps-converted-to.pdf images//case-study/merged-form.eps>
(epstopdf)             \includegraphics on input line 396.
Package epstopdf Info: Output file is already uptodate.


pdfTeX warning: /usr/bin/pdflatex (file ./images//case-study/merged-form-eps-co
nverted-to.pdf): PDF inclusion: found PDF version <1.7>, but at most version <1
.5> allowed
<images//case-study/merged-form-eps-converted-to.pdf, id=520, 1599.9775pt x 112
7.21124pt>
File: images//case-study/merged-form-eps-converted-to.pdf Graphic file (type pd
f)
<use images//case-study/merged-form-eps-converted-to.pdf>
Package pdftex.def Info: images//case-study/merged-form-eps-converted-to.pdf  u
sed on input line 396.
(pdftex.def)             Requested size: 479.99695pt x 338.16599pt.

Overfull \hbox (11.99695pt too wide) in paragraph at lines 395--397
 [] 
 []

Package epstopdf Info: Source file: <images//case-study/merged-form-eg-gui.eps>

(epstopdf)                    date: 2022-07-31 05:39:20
(epstopdf)                    size: 661961 bytes
(epstopdf)             Output file: <images//case-study/merged-form-eg-gui-eps-
converted-to.pdf>
(epstopdf)                    date: 2022-07-31 05:39:20
(epstopdf)                    size: 260338 bytes
(epstopdf)             Command: <repstopdf --outfile=images//case-study/merged-
form-eg-gui-eps-converted-to.pdf images//case-study/merged-form-eg-gui.eps>
(epstopdf)             \includegraphics on input line 405.
Package epstopdf Info: Output file is already uptodate.
<images//case-study/merged-form-eg-gui-eps-converted-to.pdf, id=521, 1252.68pt 
x 358.33875pt>
File: images//case-study/merged-form-eg-gui-eps-converted-to.pdf Graphic file (
type pdf)
<use images//case-study/merged-form-eg-gui-eps-converted-to.pdf>
Package pdftex.def Info: images//case-study/merged-form-eg-gui-eps-converted-to
.pdf  used on input line 405.
(pdftex.def)             Requested size: 476.02335pt x 136.17014pt.

Overfull \hbox (8.02335pt too wide) in paragraph at lines 404--406
 [] 
 []

[19 <./images//case-study/decisional-form-eg-gui-eps-converted-to.pdf>])
(./contents/agl.tex [20 <./images//case-study/forked-form-eps-converted-to.pdf>
]

LaTeX Warning: Reference `sect:arch-module-actions' on page 21 undefined on inp
ut line 23.

Package epstopdf Info: Source file: <images//agl-cm.eps>
(epstopdf)                    date: 2022-07-31 05:39:20
(epstopdf)                    size: 225309 bytes
(epstopdf)             Output file: <images//agl-cm-eps-converted-to.pdf>
(epstopdf)                    date: 2022-07-31 05:39:20
(epstopdf)                    size: 105666 bytes
(epstopdf)             Command: <repstopdf --outfile=images//agl-cm-eps-convert
ed-to.pdf images//agl-cm.eps>
(epstopdf)             \includegraphics on input line 49.
Package epstopdf Info: Output file is already uptodate.


pdfTeX warning: /usr/bin/pdflatex (file ./images//agl-cm-eps-converted-to.pdf):
 PDF inclusion: found PDF version <1.7>, but at most version <1.5> allowed
<images//agl-cm-eps-converted-to.pdf, id=549, 1319.93124pt x 817.0525pt>
File: images//agl-cm-eps-converted-to.pdf Graphic file (type pdf)
<use images//agl-cm-eps-converted-to.pdf>
Package pdftex.def Info: images//agl-cm-eps-converted-to.pdf  used on input lin
e 49.
(pdftex.def)             Requested size: 435.57866pt x 269.62816pt.
[21 <./images//case-study/forked-form-eg-gui-eps-converted-to.pdf>] [22 <./imag
es//case-study/joined-form-eps-converted-to.pdf>]
Package epstopdf Info: Source file: <images//activity-graph-example.eps>
(epstopdf)                    date: 2022-07-31 05:39:20
(epstopdf)                    size: 177277 bytes
(epstopdf)             Output file: <images//activity-graph-example-eps-convert
ed-to.pdf>
(epstopdf)                    date: 2022-07-31 05:39:20
(epstopdf)                    size: 85686 bytes
(epstopdf)             Command: <repstopdf --outfile=images//activity-graph-exa
mple-eps-converted-to.pdf images//activity-graph-example.eps>
(epstopdf)             \includegraphics on input line 100.
Package epstopdf Info: Output file is already uptodate.


pdfTeX warning: /usr/bin/pdflatex (file ./images//activity-graph-example-eps-co
nverted-to.pdf): PDF inclusion: found PDF version <1.7>, but at most version <1
.5> allowed
<images//activity-graph-example-eps-converted-to.pdf, id=573, 1179.40625pt x 61
1.28375pt>
File: images//activity-graph-example-eps-converted-to.pdf Graphic file (type pd
f)
<use images//activity-graph-example-eps-converted-to.pdf>
Package pdftex.def Info: images//activity-graph-example-eps-converted-to.pdf  u
sed on input line 100.
(pdftex.def)             Requested size: 353.8246pt x 183.38654pt.

Overfull \hbox (6.09454pt too wide) in paragraph at lines 117--117
 []|\T1/lmr/bx/n/8 Node- 
 []


Overfull \hbox (4.60532pt too wide) in paragraph at lines 128--128
 []|\T1/lmr/bx/n/8 Edge- 
 []


Overfull \hbox (2.65536pt too wide) in paragraph at lines 113--145
 [] 
 []


LaTeX Warning: Reference `sect:incorporatePatterns' on page 23 undefined on inp
ut line 149.

[23 <./images//case-study/joined-form-eg-gui-eps-converted-to.pdf>]

Package hyperref Warning: Token not allowed in a PDF string (Unicode):
(hyperref)                removing `math shift' on input line 162.


Package hyperref Warning: Token not allowed in a PDF string (Unicode):
(hyperref)                removing `subscript' on input line 162.


Package hyperref Warning: Token not allowed in a PDF string (Unicode):
(hyperref)                removing `math shift' on input line 162.

Package epstopdf Info: Source file: <images//agl-cmt.eps>
(epstopdf)                    date: 2022-07-31 05:39:20
(epstopdf)                    size: 166235 bytes
(epstopdf)             Output file: <images//agl-cmt-eps-converted-to.pdf>
(epstopdf)                    date: 2022-07-31 05:39:20
(epstopdf)                    size: 78176 bytes
(epstopdf)             Command: <repstopdf --outfile=images//agl-cmt-eps-conver
ted-to.pdf images//agl-cmt.eps>
(epstopdf)             \includegraphics on input line 168.
Package epstopdf Info: Output file is already uptodate.


pdfTeX warning: /usr/bin/pdflatex (file ./images//agl-cmt-eps-converted-to.pdf)
: PDF inclusion: found PDF version <1.7>, but at most version <1.5> allowed
<images//agl-cmt-eps-converted-to.pdf, id=597, 685.56125pt x 484.81125pt>
File: images//agl-cmt-eps-converted-to.pdf Graphic file (type pdf)
<use images//agl-cmt-eps-converted-to.pdf>
Package pdftex.def Info: images//agl-cmt-eps-converted-to.pdf  used on input li
ne 168.
(pdftex.def)             Requested size: 274.21964pt x 193.92105pt.
[24 <./images//case-study/merged-form-eps-converted-to.pdf>] [25 <./images//cas
e-study/merged-form-eg-gui-eps-converted-to.pdf>]

Package hyperref Warning: Token not allowed in a PDF string (Unicode):
(hyperref)                removing `math shift' on input line 217.


Package hyperref Warning: Token not allowed in a PDF string (Unicode):
(hyperref)                removing `subscript' on input line 217.


Package hyperref Warning: Token not allowed in a PDF string (Unicode):
(hyperref)                removing `math shift' on input line 217.


Overfull \hbox (1.77025pt too wide) in paragraph at lines 262--262
 |[][]$\OML/lmm/m/it/8 M[]$| 
 []


Overfull \hbox (1.77025pt too wide) in paragraph at lines 273--273
 |[][]$\OML/lmm/m/it/8 M[]$| 
 []


Overfull \hbox (1.77025pt too wide) in paragraph at lines 276--276
 |[][]$\OML/lmm/m/it/8 M[]$| 
 []


Overfull \hbox (1.77025pt too wide) in paragraph at lines 278--278
 |[][]$\OML/lmm/m/it/8 M[]$| 
 []


Overfull \hbox (1.77025pt too wide) in paragraph at lines 282--282
 |[][]$\OML/lmm/m/it/8 M[]$| 
 []

[26 <./images//agl-cm-eps-converted-to.pdf>] [27 <./images//activity-graph-exam
ple-eps-converted-to.pdf>]
Overfull \hbox (15.23979pt too wide) in paragraph at lines 342--343
\T1/lmr/m/n/10 whose ex-tent is de-fined by the func-tion $[]$. Then, the map-p
ing be-tween two fields ($[] \OMS/lmsy/m/n/10 !
 []

[28 <./images//agl-cmt-eps-converted-to.pdf>]
Package epstopdf Info: Source file: <images//agl-asm.eps>
(epstopdf)                    date: 2022-07-31 05:39:20
(epstopdf)                    size: 35937 bytes
(epstopdf)             Output file: <images//agl-asm-eps-converted-to.pdf>
(epstopdf)                    date: 2022-07-31 05:39:20
(epstopdf)                    size: 19240 bytes
(epstopdf)             Command: <repstopdf --outfile=images//agl-asm-eps-conver
ted-to.pdf images//agl-asm.eps>
(epstopdf)             \includegraphics on input line 354.
Package epstopdf Info: Output file is already uptodate.


pdfTeX warning: /usr/bin/pdflatex (file ./images//agl-asm-eps-converted-to.pdf)
: PDF inclusion: found PDF version <1.7>, but at most version <1.5> allowed
<images//agl-asm-eps-converted-to.pdf, id=724, 794.97pt x 302.12875pt>
File: images//agl-asm-eps-converted-to.pdf Graphic file (type pdf)
<use images//agl-asm-eps-converted-to.pdf>
Package pdftex.def Info: images//agl-asm-eps-converted-to.pdf  used on input li
ne 354.
(pdftex.def)             Requested size: 317.98236pt x 120.84935pt.
[29 <./images//agl-asm-eps-converted-to.pdf>]
Package epstopdf Info: Source file: <images//agc-enrolmentmgmt.eps>
(epstopdf)                    date: 2022-07-31 05:39:20
(epstopdf)                    size: 352873 bytes
(epstopdf)             Output file: <images//agc-enrolmentmgmt-eps-converted-to
.pdf>
(epstopdf)                    date: 2022-07-31 05:39:20
(epstopdf)                    size: 160913 bytes
(epstopdf)             Command: <repstopdf --outfile=images//agc-enrolmentmgmt-
eps-converted-to.pdf images//agc-enrolmentmgmt.eps>
(epstopdf)             \includegraphics on input line 398.
Package epstopdf Info: Output file is already uptodate.


pdfTeX warning: /usr/bin/pdflatex (file ./images//agc-enrolmentmgmt-eps-convert
ed-to.pdf): PDF inclusion: found PDF version <1.7>, but at most version <1.5> a
llowed
<images//agc-enrolmentmgmt-eps-converted-to.pdf, id=743, 885.3075pt x 560.0925p
t>
File: images//agc-enrolmentmgmt-eps-converted-to.pdf Graphic file (type pdf)
<use images//agc-enrolmentmgmt-eps-converted-to.pdf>
Package pdftex.def Info: images//agc-enrolmentmgmt-eps-converted-to.pdf  used o
n input line 398.
(pdftex.def)             Requested size: 309.86226pt x 196.03531pt.
[30]) (./contents/tool.tex
Package epstopdf Info: Source file: <images//software-tool.eps>
(epstopdf)                    date: 2022-07-31 05:39:20
(epstopdf)                    size: 792263 bytes
(epstopdf)             Output file: <images//software-tool-eps-converted-to.pdf
>
(epstopdf)                    date: 2022-07-31 05:39:20
(epstopdf)                    size: 238838 bytes
(epstopdf)             Command: <repstopdf --outfile=images//software-tool-eps-
converted-to.pdf images//software-tool.eps>
(epstopdf)             \includegraphics on input line 10.
Package epstopdf Info: Output file is already uptodate.
<images//software-tool-eps-converted-to.pdf, id=767, 789.95125pt x 560.0925pt>
File: images//software-tool-eps-converted-to.pdf Graphic file (type pdf)
<use images//software-tool-eps-converted-to.pdf>
Package pdftex.def Info: images//software-tool-eps-converted-to.pdf  used on in
put line 10.
(pdftex.def)             Requested size: 394.97466pt x 280.04556pt.
 [31 <./images//agc-enrolmentmgmt-eps-converted-to.pdf>]) (./contents/eval.tex 
[32 <./images//software-tool-eps-converted-to.pdf>])
(./contents/threats.tex [33]) (./contents/relatedwork.tex [34] [35])
(./contents/conclusion.tex) [36] (./agl_dcsl.bbl [37]) (./contents/apex-agl.tex
[38] [39]) [40] (./agl_dcsl.aux)

LaTeX Font Warning: Some font shapes were not available, defaults substituted.


LaTeX Warning: There were undefined references.

Package rerunfilecheck Info: File `agl_dcsl.out' has not changed.
(rerunfilecheck)             Checksum: BD17E12C5BC3C48B30408BADFC34506F;7578.
 ) 
Here is how much of TeX's memory you used:
 14968 strings out of 479662
 235964 string characters out of 5883895
 800799 words of memory out of 5000000
 32416 multiletter control sequences out of 15000+600000
 582619 words of font info for 91 fonts, out of 8000000 for 9000
 309 hyphenation exceptions out of 8191
 70i,14n,76p,1737b,1873s stack positions out of 5000i,500n,10000p,200000b,80000s
{/usr/share/texmf/fonts/enc/dvips/lm/lm-ec.enc}{/usr/share/texmf/fonts/enc/dv
ips/lm/lm-rm.enc}{/usr/share/texmf/fonts/enc/dvips/lm/lm-mathit.enc}{/usr/share
/texmf/fonts/enc/dvips/lm/lm-mathsy.enc}{/usr/share/texmf/fonts/enc/dvips/lm/lm
-mathex.enc}{/usr/share/texmf/fonts/enc/dvips/lm/lm-rmtt.enc}{/usr/share/texmf/
fonts/enc/dvips/lm/lm-ts1.enc}</usr/share/texmf/fonts/type1/public/lm/lmbx10.pf
b></usr/share/texmf/fonts/type1/public/lm/lmbx6.pfb></usr/share/texmf/fonts/typ
e1/public/lm/lmbx8.pfb></usr/share/texmf/fonts/type1/public/lm/lmbxi10.pfb></us
r/share/texmf/fonts/type1/public/lm/lmcsc10.pfb></usr/share/texmf/fonts/type1/p
ublic/lm/lmcsco10.pfb></usr/share/texmf/fonts/type1/public/lm/lmex10.pfb></usr/
share/texmf/fonts/type1/public/lm/lmmi10.pfb></usr/share/texmf/fonts/type1/publ
ic/lm/lmmi5.pfb></usr/share/texmf/fonts/type1/public/lm/lmmi6.pfb></usr/share/t
exmf/fonts/type1/public/lm/lmmi7.pfb></usr/share/texmf/fonts/type1/public/lm/lm
mi8.pfb></usr/share/texmf/fonts/type1/public/lm/lmr10.pfb></usr/share/texmf/fon
ts/type1/public/lm/lmr12.pfb></usr/share/texmf/fonts/type1/public/lm/lmr5.pfb><
/usr/share/texmf/fonts/type1/public/lm/lmr6.pfb></usr/share/texmf/fonts/type1/p
ublic/lm/lmr7.pfb></usr/share/texmf/fonts/type1/public/lm/lmr8.pfb></usr/share/
texmf/fonts/type1/public/lm/lmri10.pfb></usr/share/texmf/fonts/type1/public/lm/
lmri7.pfb></usr/share/texmf/fonts/type1/public/lm/lmri8.pfb></usr/share/texmf/f
onts/type1/public/lm/lmsy10.pfb></usr/share/texmf/fonts/type1/public/lm/lmsy6.p
fb></usr/share/texmf/fonts/type1/public/lm/lmsy7.pfb></usr/share/texmf/fonts/ty
pe1/public/lm/lmsy8.pfb></usr/share/texmf/fonts/type1/public/lm/lmtk10.pfb></us
r/share/texmf/fonts/type1/public/lm/lmtt10.pfb></usr/share/texmf/fonts/type1/pu
blic/lm/lmtt8.pfb>
Output written on agl_dcsl.pdf (40 pages, 4748616 bytes).
PDF statistics:
 1265 PDF objects out of 1440 (max. 8388607)
 1104 compressed objects within 12 object streams
 332 named destinations out of 1000 (max. 500000)
 489 words of extra memory for PDF output out of 10000 (max. 10000000)

