\BOOKMARK [1][-]{section.1}{\376\377\000I\000n\000t\000r\000o\000d\000u\000c\000t\000i\000o\000n}{}% 1
\BOOKMARK [1][-]{section.2}{\376\377\000M\000o\000t\000i\000v\000a\000t\000i\000n\000g\000\040\000E\000x\000a\000m\000p\000l\000e\000\040\000a\000n\000d\000\040\000B\000a\000c\000k\000g\000r\000o\000u\000n\000d}{}% 2
\BOOKMARK [2][-]{subsection.2.1}{\376\377\000A\000\040\000B\000r\000i\000e\000f\000\040\000O\000v\000e\000r\000v\000i\000e\000w\000\040\000o\000f\000\040\000D\000o\000m\000a\000i\000n\000-\000D\000r\000i\000v\000e\000n\000\040\000D\000e\000s\000i\000g\000n\000\040\000\050\000D\000D\000D\000\051}{section.2}% 3
\BOOKMARK [2][-]{subsection.2.2}{\376\377\000M\000O\000S\000A\000:\000\040\000A\000\040\000M\000o\000d\000u\000l\000e\000-\000B\000a\000s\000e\000d\000\040\000S\000o\000f\000t\000w\000a\000r\000e\000\040\000A\000r\000c\000h\000i\000t\000e\000c\000t\000u\000r\000e\000\040\000f\000o\000r\000\040\000D\000D\000D}{section.2}% 4
\BOOKMARK [2][-]{subsection.2.3}{\376\377\000R\000e\000p\000r\000e\000s\000e\000n\000t\000i\000n\000g\000\040\000D\000o\000m\000a\000i\000n\000\040\000M\000o\000d\000e\000l\000s\000\040\000i\000n\000\040\000D\000C\000S\000L}{section.2}% 5
\BOOKMARK [2][-]{subsection.2.4}{\376\377\000M\000o\000t\000i\000v\000a\000t\000i\000n\000g\000\040\000E\000x\000a\000m\000p\000l\000e\000\040\000a\000n\000d\000\040\000R\000e\000s\000e\000a\000r\000c\000h\000\040\000Q\000u\000e\000s\000t\000i\000o\000n\000s}{section.2}% 6
\BOOKMARK [1][-]{section.3}{\376\377\000O\000v\000e\000r\000v\000i\000e\000w\000\040\000o\000f\000\040\000t\000h\000e\000\040\000P\000r\000o\000p\000o\000s\000e\000d\000\040\000A\000p\000p\000r\000o\000a\000c\000h}{}% 7
\BOOKMARK [2][-]{subsection.3.1}{\376\377\000B\000a\000s\000i\000c\000\040\000I\000d\000e\000a}{section.3}% 8
\BOOKMARK [2][-]{subsection.3.2}{\376\377\000I\000n\000c\000o\000r\000p\000o\000r\000a\000t\000i\000n\000g\000\040\000D\000o\000m\000a\000i\000n\000\040\000B\000e\000h\000a\000v\000i\000o\000r\000s}{section.3}% 9
\BOOKMARK [2][-]{subsection.3.3}{\376\377\000U\000n\000i\000f\000i\000e\000d\000\040\000M\000o\000d\000e\000l}{section.3}% 10
\BOOKMARK [1][-]{section.4}{\376\377\000M\000o\000d\000u\000l\000e\000\040\000A\000c\000t\000i\000o\000n\000\040\000S\000e\000m\000a\000n\000t\000i\000c\000s}{}% 11
\BOOKMARK [2][-]{subsection.4.1}{\376\377\000A\000t\000o\000m\000i\000c\000\040\000A\000c\000t\000i\000o\000n}{section.4}% 12
\BOOKMARK [2][-]{subsection.4.2}{\376\377\000A\000t\000o\000m\000i\000c\000\040\000A\000c\000t\000i\000o\000n\000\040\000S\000e\000q\000u\000e\000n\000c\000e\000\040\000\050\000A\000S\000E\000\051}{section.4}% 13
\BOOKMARK [2][-]{subsection.4.3}{\376\377\000R\000e\000a\000c\000h\000a\000b\000l\000e\000\040\000S\000t\000a\000t\000e\000s}{section.4}% 14
\BOOKMARK [2][-]{subsection.4.4}{\376\377\000S\000t\000r\000u\000c\000t\000u\000r\000e\000d\000\040\000A\000t\000o\000m\000i\000c\000\040\000A\000c\000t\000i\000o\000n\000\040\000\050\000S\000A\000A\000\051}{section.4}% 15
\BOOKMARK [1][-]{section.5}{\376\377\000D\000o\000m\000a\000i\000n\000\040\000B\000e\000h\000a\000v\000i\000o\000r\000\040\000P\000a\000t\000t\000e\000r\000n\000s}{}% 16
\BOOKMARK [2][-]{subsection.5.1}{\376\377\000S\000e\000q\000u\000e\000n\000t\000i\000a\000l\000\040\000P\000a\000t\000t\000e\000r\000n\000\040\000F\000o\000r\000m}{section.5}% 17
\BOOKMARK [2][-]{subsection.5.2}{\376\377\000D\000e\000c\000i\000s\000i\000o\000n\000a\000l\000\040\000P\000a\000t\000t\000e\000r\000n\000\040\000F\000o\000r\000m}{section.5}% 18
\BOOKMARK [2][-]{subsection.5.3}{\376\377\000F\000o\000r\000k\000e\000d\000\040\000P\000a\000t\000t\000e\000r\000n\000\040\000F\000o\000r\000m}{section.5}% 19
\BOOKMARK [2][-]{subsection.5.4}{\376\377\000J\000o\000i\000n\000e\000d\000\040\000P\000a\000t\000t\000e\000r\000n\000\040\000F\000o\000r\000m}{section.5}% 20
\BOOKMARK [2][-]{subsection.5.5}{\376\377\000M\000e\000r\000g\000e\000d\000\040\000P\000a\000t\000t\000e\000r\000n\000\040\000F\000o\000r\000m}{section.5}% 21
\BOOKMARK [1][-]{section.6}{\376\377\000M\000o\000d\000u\000l\000e\000-\000B\000a\000s\000e\000d\000\040\000D\000o\000m\000a\000i\000n\000\040\000B\000e\000h\000a\000v\000i\000o\000r\000\040\000L\000a\000n\000g\000u\000a\000g\000e}{}% 22
\BOOKMARK [2][-]{subsection.6.1}{\376\377\000A\000b\000s\000t\000r\000a\000c\000t\000\040\000S\000y\000n\000t\000a\000x}{section.6}% 23
\BOOKMARK [2][-]{subsection.6.2}{\376\377\000A\000p\000p\000l\000y\000i\000n\000g\000\040\000D\000o\000m\000a\000i\000n\000\040\000B\000e\000h\000a\000v\000i\000o\000r\000\040\000P\000a\000t\000t\000e\000r\000n\000s}{section.6}% 24
\BOOKMARK [2][-]{subsection.6.3}{\376\377\000C\000o\000n\000c\000r\000e\000t\000e\000\040\000S\000y\000n\000t\000a\000x\000\040\000M\000o\000d\000e\000l\000\040\000\050\000C\000S\000M\000\051}{section.6}% 25
\BOOKMARK [3][-]{subsubsection.6.3.1}{\376\377\000C\000S\000M\000T\000:\000\040\000A\000\040\000C\000o\000m\000p\000a\000c\000t\000\040\000a\000n\000d\000\040\000A\000n\000n\000o\000t\000a\000t\000i\000o\000n\000-\000F\000r\000i\000e\000n\000d\000l\000y\000\040\000M\000o\000d\000e\000l}{subsection.6.3}% 26
\BOOKMARK [3][-]{subsubsection.6.3.2}{\376\377\000T\000h\000e\000\040\000A\000n\000n\000o\000t\000a\000t\000i\000o\000n\000-\000B\000a\000s\000e\000d\000\040\000C\000S\000M}{subsection.6.3}% 27
\BOOKMARK [2][-]{subsection.6.4}{\376\377\000A\000n\000n\000o\000t\000a\000t\000i\000o\000n\000-\000B\000a\000s\000e\000d\000\040\000T\000e\000x\000t\000u\000a\000l\000\040\000C\000o\000n\000c\000r\000e\000t\000e\000\040\000S\000y\000n\000t\000a\000x}{section.6}% 28
\BOOKMARK [2][-]{subsection.6.5}{\376\377\000S\000e\000m\000a\000n\000t\000i\000c\000s}{section.6}% 29
\BOOKMARK [1][-]{section.7}{\376\377\000C\000a\000s\000e\000\040\000S\000t\000u\000d\000y\000\040\000a\000n\000d\000\040\000T\000o\000o\000l\000\040\000S\000u\000p\000p\000o\000r\000t}{}% 30
\BOOKMARK [2][-]{subsection.7.1}{\376\377\000C\000a\000s\000e\000\040\000S\000t\000u\000d\000y\000:\000\040\000O\000r\000d\000e\000r\000M\000a\000n}{section.7}% 31
\BOOKMARK [2][-]{subsection.7.2}{\376\377\000T\000o\000o\000l\000\040\000S\000u\000p\000p\000o\000r\000t}{section.7}% 32
\BOOKMARK [1][-]{section.8}{\376\377\000E\000v\000a\000l\000u\000a\000t\000i\000o\000n}{}% 33
\BOOKMARK [2][-]{subsection.8.1}{\376\377\000R\000e\000s\000e\000a\000r\000c\000h\000\040\000Q\000u\000e\000s\000t\000i\000o\000n\000s}{section.8}% 34
\BOOKMARK [2][-]{subsection.8.2}{\376\377\000C\000a\000s\000e\000\040\000S\000t\000u\000d\000y\000\040\000D\000e\000s\000i\000g\000n}{section.8}% 35
\BOOKMARK [2][-]{subsection.8.3}{\376\377\000R\000e\000s\000u\000l\000t\000s}{section.8}% 36
\BOOKMARK [2][-]{subsection.8.4}{\376\377\000D\000i\000s\000c\000u\000s\000s\000i\000o\000n}{section.8}% 37
\BOOKMARK [1][-]{section.9}{\376\377\000T\000h\000r\000e\000a\000t\000s\000\040\000t\000o\000\040\000V\000a\000l\000i\000d\000i\000t\000y}{}% 38
\BOOKMARK [2][-]{subsection.9.1}{\376\377\000T\000h\000e\000\040\000P\000r\000o\000p\000o\000s\000e\000d\000\040\000M\000e\000t\000h\000o\000d}{section.9}% 39
\BOOKMARK [2][-]{subsection.9.2}{\376\377\000E\000v\000a\000l\000u\000a\000t\000i\000o\000n\000\040\000M\000e\000t\000h\000o\000d}{section.9}% 40
\BOOKMARK [1][-]{section.10}{\376\377\000R\000e\000l\000a\000t\000e\000d\000\040\000W\000o\000r\000k}{}% 41
\BOOKMARK [1][-]{section.11}{\376\377\000C\000o\000n\000c\000l\000u\000s\000i\000o\000n}{}% 42
\BOOKMARK [1][-]{appendix.A}{\376\377\000W\000e\000l\000l\000-\000f\000o\000r\000m\000e\000d\000n\000e\000s\000s\000\040\000R\000u\000l\000e\000s\000\040\000o\000f\000\040\000A\000G\000L}{}% 43
\BOOKMARK [2][-]{subsection.A.1}{\376\377\000A\000c\000t\000i\000v\000i\000t\000y\000G\000r\000a\000p\000h}{appendix.A}% 44
\BOOKMARK [2][-]{subsection.A.2}{\376\377\000N\000o\000d\000e}{appendix.A}% 45
\BOOKMARK [2][-]{subsection.A.3}{\376\377\000E\000d\000g\000e}{appendix.A}% 46
\BOOKMARK [2][-]{subsection.A.4}{\376\377\000M\000o\000d\000u\000l\000e\000A\000c\000t}{appendix.A}% 47
\BOOKMARK [2][-]{subsection.A.5}{\376\377\000J\000o\000i\000n\000N\000o\000d\000e}{appendix.A}% 48
\BOOKMARK [2][-]{subsection.A.6}{\376\377\000C\000l\000a\000s\000s}{appendix.A}% 49
\BOOKMARK [1][-]{appendix.B}{\376\377\000M\000a\000p\000p\000i\000n\000g\000\040\000f\000r\000o\000m\000\040\000A\000S\000M\000\040\000t\000o\000\040\000C\000S\000M\000T}{}% 50
\BOOKMARK [1][-]{appendix.C}{\376\377\000A\000c\000t\000i\000v\000i\000t\000y\000\040\000g\000r\000a\000p\000h\000\040\000c\000o\000n\000f\000i\000g\000u\000r\000a\000t\000i\000o\000n\000\040\000o\000f\000\040\000O\000r\000d\000e\000r\000M\000a\000n\000-\000\040\000A\000G\000C}{}% 51
\BOOKMARK [2][-]{subsection.C.1}{\376\377\000A\000c\000t\000i\000v\000i\000t\000y\000\040\000c\000l\000a\000s\000s\000\040\000H\000a\000n\000d\000l\000e\000O\000r\000d\000e\000r\000\040\000i\000n\000\040\000J\000a\000v\000a\000\040\000w\000i\000t\000h\000\040\000a\000n\000n\000o\000t\000a\000t\000i\000o\000n\000s}{appendix.C}% 52
\BOOKMARK [2][-]{subsection.C.2}{\376\377\000A\000c\000t\000i\000v\000i\000t\000y\000\040\000c\000l\000a\000s\000s\000\040\000H\000a\000n\000d\000l\000e\000O\000r\000d\000e\000r}{appendix.C}% 53
\BOOKMARK [1][-]{appendix.D}{\376\377\000C\000o\000m\000p\000a\000r\000i\000n\000g\000\040\000t\000o\000\040\000D\000D\000D\000\040\000f\000r\000a\000m\000e\000w\000o\000r\000k\000s}{}% 54
